[2017-04-13 00:01:48,350] TRACE [Controller 0]: checking need to trigger partition rebalance (kafka.controller.KafkaController)
[2017-04-13 00:01:48,357] DEBUG [Controller 0]: preferred replicas by broker Map(0 -> Map([coolio,0] -> List(0))) (kafka.controller.KafkaController)
[2017-04-13 00:01:48,358] DEBUG [Controller 0]: topics not in preferred replica Map() (kafka.controller.KafkaController)
[2017-04-13 00:01:48,358] TRACE [Controller 0]: leader imbalance ratio for broker 0 is 0.000000 (kafka.controller.KafkaController)
[2017-04-13 00:06:48,356] TRACE [Controller 0]: checking need to trigger partition rebalance (kafka.controller.KafkaController)
[2017-04-13 00:06:48,357] DEBUG [Controller 0]: preferred replicas by broker Map(0 -> Map([coolio,0] -> List(0))) (kafka.controller.KafkaController)
[2017-04-13 00:06:48,358] DEBUG [Controller 0]: topics not in preferred replica Map() (kafka.controller.KafkaController)
[2017-04-13 00:06:48,358] TRACE [Controller 0]: leader imbalance ratio for broker 0 is 0.000000 (kafka.controller.KafkaController)
[2017-04-13 00:11:48,359] TRACE [Controller 0]: checking need to trigger partition rebalance (kafka.controller.KafkaController)
[2017-04-13 00:11:48,362] DEBUG [Controller 0]: preferred replicas by broker Map(0 -> Map([coolio,0] -> List(0))) (kafka.controller.KafkaController)
[2017-04-13 00:11:48,362] DEBUG [Controller 0]: topics not in preferred replica Map() (kafka.controller.KafkaController)
[2017-04-13 00:11:48,363] TRACE [Controller 0]: leader imbalance ratio for broker 0 is 0.000000 (kafka.controller.KafkaController)
[2017-04-13 00:16:48,351] TRACE [Controller 0]: checking need to trigger partition rebalance (kafka.controller.KafkaController)
[2017-04-13 00:16:48,354] DEBUG [Controller 0]: preferred replicas by broker Map(0 -> Map([coolio,0] -> List(0))) (kafka.controller.KafkaController)
[2017-04-13 00:16:48,354] DEBUG [Controller 0]: topics not in preferred replica Map() (kafka.controller.KafkaController)
[2017-04-13 00:16:48,355] TRACE [Controller 0]: leader imbalance ratio for broker 0 is 0.000000 (kafka.controller.KafkaController)
[2017-04-13 00:21:48,350] TRACE [Controller 0]: checking need to trigger partition rebalance (kafka.controller.KafkaController)
[2017-04-13 00:21:48,353] DEBUG [Controller 0]: preferred replicas by broker Map(0 -> Map([coolio,0] -> List(0))) (kafka.controller.KafkaController)
[2017-04-13 00:21:48,354] DEBUG [Controller 0]: topics not in preferred replica Map() (kafka.controller.KafkaController)
[2017-04-13 00:21:48,354] TRACE [Controller 0]: leader imbalance ratio for broker 0 is 0.000000 (kafka.controller.KafkaController)
[2017-04-13 00:26:17,646] INFO [Controller 0]: Shutting down broker 0 (kafka.controller.KafkaController)
[2017-04-13 00:26:17,648] DEBUG [Controller 0]: All shutting down brokers: 0 (kafka.controller.KafkaController)
[2017-04-13 00:26:17,649] DEBUG [Controller 0]: Live brokers:  (kafka.controller.KafkaController)
[2017-04-13 00:26:17,657] TRACE [Controller 0]: All leaders = [coolio,0] -> (Leader:0,ISR:0,LeaderEpoch:0,ControllerEpoch:1) (kafka.controller.KafkaController)
[2017-04-13 00:26:24,213] DEBUG preRegister called. Server=com.sun.jmx.mbeanserver.JmxMBeanServer@66d3c617, name=log4j:logger=kafka.controller (kafka.controller)
[2017-04-13 00:26:35,829] INFO [Controller 0]: Controller starting up (kafka.controller.KafkaController)
[2017-04-13 00:26:35,898] INFO [Controller 0]: Broker 0 starting become controller state transition (kafka.controller.KafkaController)
[2017-04-13 00:26:35,902] INFO [Controller 0]: Initialized controller epoch to 1 and zk version 0 (kafka.controller.KafkaController)
[2017-04-13 00:26:35,922] INFO [Controller 0]: Controller 0 incremented epoch to 2 (kafka.controller.KafkaController)
[2017-04-13 00:26:35,924] DEBUG [Controller 0]: Registering IsrChangeNotificationListener (kafka.controller.KafkaController)
[2017-04-13 00:26:35,978] INFO [Controller 0]: Partitions undergoing preferred replica election:  (kafka.controller.KafkaController)
[2017-04-13 00:26:35,979] INFO [Controller 0]: Partitions that completed preferred replica election:  (kafka.controller.KafkaController)
[2017-04-13 00:26:35,981] INFO [Controller 0]: Resuming preferred replica election for partitions:  (kafka.controller.KafkaController)
[2017-04-13 00:26:35,988] INFO [Controller 0]: Partitions being reassigned: Map() (kafka.controller.KafkaController)
[2017-04-13 00:26:35,989] INFO [Controller 0]: Partitions already reassigned: Set() (kafka.controller.KafkaController)
[2017-04-13 00:26:35,991] INFO [Controller 0]: Resuming reassignment of partitions: Map() (kafka.controller.KafkaController)
[2017-04-13 00:26:35,998] INFO [Controller 0]: List of topics to be deleted:  (kafka.controller.KafkaController)
[2017-04-13 00:26:35,999] INFO [Controller 0]: List of topics ineligible for deletion: coolio (kafka.controller.KafkaController)
[2017-04-13 00:26:36,004] INFO [Controller 0]: Currently active brokers in the cluster: Set() (kafka.controller.KafkaController)
[2017-04-13 00:26:36,006] INFO [Controller 0]: Currently shutting brokers in the cluster: Set() (kafka.controller.KafkaController)
[2017-04-13 00:26:36,006] INFO [Controller 0]: Current list of topics in the cluster: Set(coolio) (kafka.controller.KafkaController)
[2017-04-13 00:26:36,052] INFO [Replica state machine on controller 0]: Started replica state machine with initial state -> Map([Topic=coolio,Partition=0,Replica=0] -> ReplicaDeletionIneligible) (kafka.controller.ReplicaStateMachine)
[2017-04-13 00:26:36,074] DEBUG [OfflinePartitionLeaderSelector]: No broker in ISR is alive for [coolio,0]. Pick the leader from the alive assigned replicas:  (kafka.controller.OfflinePartitionLeaderSelector)
[2017-04-13 00:26:36,082] INFO [Partition state machine on Controller 0]: Started partition state machine with initial state -> Map([coolio,0] -> OfflinePartition) (kafka.controller.PartitionStateMachine)
[2017-04-13 00:26:36,086] INFO [Controller 0]: Broker 0 is ready to serve as the new controller with epoch 2 (kafka.controller.KafkaController)
[2017-04-13 00:26:36,088] INFO [Controller 0]: Starting preferred replica leader election for partitions  (kafka.controller.KafkaController)
[2017-04-13 00:26:36,089] INFO [Partition state machine on Controller 0]: Invoking state change to OnlinePartition for partitions  (kafka.controller.PartitionStateMachine)
[2017-04-13 00:26:36,113] INFO [Controller 0]: starting the partition rebalance scheduler (kafka.controller.KafkaController)
[2017-04-13 00:26:36,115] INFO [Controller 0]: Controller startup complete (kafka.controller.KafkaController)
[2017-04-13 00:26:36,289] INFO [BrokerChangeListener on Controller 0]: Broker change listener fired for path /brokers/ids with children 0 (kafka.controller.ReplicaStateMachine$BrokerChangeListener)
[2017-04-13 00:26:36,321] INFO [BrokerChangeListener on Controller 0]: Newly added brokers: 0, deleted brokers: , all live brokers: 0 (kafka.controller.ReplicaStateMachine$BrokerChangeListener)
[2017-04-13 00:26:36,323] DEBUG [Channel manager on controller 0]: Controller 0 trying to connect to broker 0 (kafka.controller.ControllerChannelManager)
[2017-04-13 00:26:36,344] INFO [Controller-0-to-broker-0-send-thread], Starting  (kafka.controller.RequestSendThread)
[2017-04-13 00:26:36,345] INFO [Controller 0]: New broker startup callback for 0 (kafka.controller.KafkaController)
[2017-04-13 00:26:36,351] INFO [Replica state machine on controller 0]: Invoking state change to OnlineReplica for replicas [Topic=coolio,Partition=0,Replica=0] (kafka.controller.ReplicaStateMachine)
[2017-04-13 00:26:36,366] INFO [Controller-0-to-broker-0-send-thread], Controller 0 connected to kafka-broker-0:9092 (id: 0 rack: null) for sending state change requests (kafka.controller.RequestSendThread)
[2017-04-13 00:26:36,381] DEBUG [OfflinePartitionLeaderSelector]: Some broker in ISR is alive for [coolio,0]. Select 0 from ISR 0 to be the leader. (kafka.controller.OfflinePartitionLeaderSelector)
[2017-04-13 00:26:36,382] INFO [OfflinePartitionLeaderSelector]: Selected new leader and ISR {"leader":0,"leader_epoch":1,"isr":[0]} for offline partition [coolio,0] (kafka.controller.OfflinePartitionLeaderSelector)
[2017-04-13 00:26:36,407] DEBUG [Partition state machine on Controller 0]: After leader election, leader cache is updated to Map([coolio,0] -> (Leader:0,ISR:0,LeaderEpoch:1,ControllerEpoch:2)) (kafka.controller.PartitionStateMachine)
[2017-04-13 00:26:41,116] TRACE [Controller 0]: checking need to trigger partition rebalance (kafka.controller.KafkaController)
[2017-04-13 00:26:41,120] DEBUG [Controller 0]: preferred replicas by broker Map(0 -> Map([coolio,0] -> List(0))) (kafka.controller.KafkaController)
[2017-04-13 00:26:41,124] DEBUG [Controller 0]: topics not in preferred replica Map() (kafka.controller.KafkaController)
[2017-04-13 00:26:41,127] TRACE [Controller 0]: leader imbalance ratio for broker 0 is 0.000000 (kafka.controller.KafkaController)
