OpenJDK 64-Bit Server VM (25.111-b14) for linux-amd64 JRE (1.8.0_111-8u111-b14-2~bpo8+1-b14), built on Oct 25 2016 14:12:04 by "pbuilder" with gcc 4.9.2
Memory: 4k page, physical 8164760k(3367844k free), swap 1048572k(1048572k free)
CommandLine flags: -XX:+DisableExplicitGC -XX:InitialHeapSize=1073741824 -XX:InitiatingHeapOccupancyPercent=35 -XX:+ManagementServer -XX:MaxGCPauseMillis=20 -XX:MaxHeapSize=1073741824 -XX:+PrintGC -XX:+PrintGCDateStamps -XX:+PrintGCDetails -XX:+PrintGCTimeStamps -XX:+UseCompressedClassPointers -XX:+UseCompressedOops -XX:+UseG1GC 
2017-04-12T22:29:18.340+0000: 3.078: [GC pause (G1 Evacuation Pause) (young), 0.0151133 secs]
   [Parallel Time: 5.8 ms, GC Workers: 4]
      [GC Worker Start (ms): Min: 3078.3, Avg: 3078.5, Max: 3078.9, Diff: 0.5]
      [Ext Root Scanning (ms): Min: 0.1, Avg: 0.7, Max: 1.5, Diff: 1.4, Sum: 2.8]
      [Update RS (ms): Min: 0.0, Avg: 0.0, Max: 0.0, Diff: 0.0, Sum: 0.0]
         [Processed Buffers: Min: 0, Avg: 0.0, Max: 0, Diff: 0, Sum: 0]
      [Scan RS (ms): Min: 0.0, Avg: 0.0, Max: 0.1, Diff: 0.0, Sum: 0.2]
      [Code Root Scanning (ms): Min: 0.0, Avg: 0.9, Max: 3.3, Diff: 3.2, Sum: 3.7]
      [Object Copy (ms): Min: 0.3, Avg: 2.3, Max: 3.0, Diff: 2.7, Sum: 9.0]
      [Termination (ms): Min: 0.0, Avg: 0.3, Max: 0.8, Diff: 0.8, Sum: 1.0]
         [Termination Attempts: Min: 1, Avg: 1.2, Max: 2, Diff: 1, Sum: 5]
      [GC Worker Other (ms): Min: 0.0, Avg: 0.4, Max: 1.4, Diff: 1.4, Sum: 1.6]
      [GC Worker Total (ms): Min: 4.1, Avg: 4.6, Max: 5.2, Diff: 1.2, Sum: 18.3]
      [GC Worker End (ms): Min: 3082.9, Avg: 3083.1, Max: 3083.6, Diff: 0.7]
   [Code Root Fixup: 0.2 ms]
   [Code Root Purge: 0.0 ms]
   [Clear CT: 3.4 ms]
   [Other: 5.6 ms]
      [Choose CSet: 0.0 ms]
      [Ref Proc: 4.7 ms]
      [Ref Enq: 0.0 ms]
      [Redirty Cards: 0.5 ms]
      [Humongous Register: 0.1 ms]
      [Humongous Reclaim: 0.0 ms]
      [Free CSet: 0.1 ms]
   [Eden: 51.0M(51.0M)->0.0B(44.0M) Survivors: 0.0B->7168.0K Heap: 51.0M(1024.0M)->8823.5K(1024.0M)]
 [Times: user=0.02 sys=0.00, real=0.02 secs] 
22017-04-12T22:29:18.804+0000: 3.965: [GC pause (Metadata GC Threshold) (young) (initial-mark), 0.0088647 secs]
   [Parallel Time: 5.9 ms, GC Workers: 4]
      [GC Worker Start (ms): Min: 3965.3, Avg: 3966.1, Max: 3966.7, Diff: 1.3]
      [Ext Root Scanning (ms): Min: 0.2, Avg: 1.6, Max: 5.0, Diff: 4.8, Sum: 6.3]
      [Update RS (ms): Min: 0.0, Avg: 0.3, Max: 0.9, Diff: 0.9, Sum: 1.0]
         [Processed Buffers: Min: 0, Avg: 0.5, Max: 1, Diff: 1, Sum: 2]
      [Scan RS (ms): Min: 0.0, Avg: 0.0, Max: 0.1, Diff: 0.1, Sum: 0.1]
      [Code Root Scanning (ms): Min: 0.0, Avg: 0.2, Max: 0.6, Diff: 0.6, Sum: 0.6]
      [Object Copy (ms): Min: 0.5, Avg: 2.8, Max: 3.9, Diff: 3.4, Sum: 11.1]
      [Termination (ms): Min: 0.0, Avg: 0.1, Max: 0.1, Diff: 0.1, Sum: 0.2]
         [Termination Attempts: Min: 1, Avg: 1.0, Max: 1, Diff: 0, Sum: 4]
      [GC Worker Other (ms): Min: 0.0, Avg: 0.0, Max: 0.0, Diff: 0.0, Sum: 0.2]
      [GC Worker Total (ms): Min: 4.3, Avg: 4.9, Max: 5.7, Diff: 1.4, Sum: 19.5]
      [GC Worker End (ms): Min: 3971.0, Avg: 3971.0, Max: 3971.0, Diff: 0.0]
   [Code Root Fixup: 0.3 ms]
   [Code Root Purge: 0.0 ms]
   [Clear CT: 0.3 ms]
   [Other: 2.4 ms]
      [Choose CSet: 0.0 ms]
      [Ref Proc: 1.3 ms]
      [Ref Enq: 0.0 ms]
      [Redirty Cards: 0.7 ms]
      [Humongous Register: 0.0 ms]
      [Humongous Reclaim: 0.0 ms]
      [Free CSet: 0.0 ms]
   [Eden: 16.0M(44.0M)->0.0B(44.0M) Survivors: 7168.0K->7168.0K Heap: 152.4M(1024.0M)->136.6M(1024.0M)]
 [Times: user=0.00 sys=0.01, real=0.01 secs] 
2017-04-12T22:29:18.814+0000: 3.975: [GC concurrent-root-region-scan-start]
2017-04-12T22:29:18.820+0000: 3.981: [GC concurrent-root-region-scan-end, 0.0060489 secs]
2017-04-12T22:29:18.820+0000: 3.981: [GC concurrent-mark-start]
2017-04-12T22:29:18.822+0000: 3.983: [GC concurrent-mark-end, 0.0022513 secs]
2017-04-12T22:29:18.823+0000: 3.984: [GC remark 2017-04-12T22:29:18.824+0000: 3.985: [Finalize Marking, 0.0006306 secs] 2017-04-12T22:29:18.825+0000: 3.986: [GC ref-proc, 0.0005216 secs] 2017-04-12T22:29:18.826+0000: 3.987: [Unloading, 0.0051637 secs], 0.0099953 secs]
 [Times: user=0.01 sys=0.00, real=0.01 secs] 
2017-04-12T22:29:18.834+0000: 3.996: [GC cleanup 137M->135M(1024M), 0.0148203 secs]
 [Times: user=0.00 sys=0.01, real=0.01 secs] 
2017-04-12T22:29:18.850+0000: 4.011: [GC concurrent-cleanup-start]
2017-04-12T22:29:18.850+0000: 4.011: [GC concurrent-cleanup-end, 0.0000185 secs]
Heap
 garbage-first heap   total 1048576K, used 156672K [0x00000000c0000000, 0x00000000c0102000, 0x0000000100000000)
  region size 1024K, 26 young (26624K), 7 survivors (7168K)
 Metaspace       used 22094K, capacity 23906K, committed 24064K, reserved 1071104K
  class space    used 3025K, capacity 3217K, committed 3328K, reserved 1048576K
1048576K
