[2017-04-12 22:16:06,206] INFO Starting the log cleaner (kafka.log.LogCleaner)
[2017-04-12 22:16:06,217] INFO [kafka-log-cleaner-thread-0], Starting  (kafka.log.LogCleaner)
[2017-04-12 22:29:18,583] INFO Starting the log cleaner (kafka.log.LogCleaner)
[2017-04-12 22:29:18,588] INFO [kafka-log-cleaner-thread-0], Starting  (kafka.log.LogCleaner)
[2017-04-12 22:29:18,596] INFO Starting the log cleaner (kafka.log.LogCleaner)
[2017-04-12 22:29:18,602] INFO [kafka-log-cleaner-thread-0], Starting  (kafka.log.LogCleaner)
[2017-04-12 22:29:18,607] INFO Starting the log cleaner (kafka.log.LogCleaner)
[2017-04-12 22:29:18,610] INFO [kafka-log-cleaner-thread-0], Starting  (kafka.log.LogCleaner)
[2017-04-12 22:29:19,914] INFO Shutting down the log cleaner. (kafka.log.LogCleaner)
[2017-04-12 22:29:19,914] INFO [kafka-log-cleaner-thread-0], Shutting down (kafka.log.LogCleaner)
[2017-04-12 22:29:19,915] INFO [kafka-log-cleaner-thread-0], Stopped  (kafka.log.LogCleaner)
[2017-04-12 22:29:19,915] INFO [kafka-log-cleaner-thread-0], Shutdown completed (kafka.log.LogCleaner)
[2017-04-12 22:29:19,935] INFO Shutting down the log cleaner. (kafka.log.LogCleaner)
[2017-04-12 22:29:19,937] INFO [kafka-log-cleaner-thread-0], Shutting down (kafka.log.LogCleaner)
[2017-04-12 22:29:19,937] INFO [kafka-log-cleaner-thread-0], Stopped  (kafka.log.LogCleaner)
[2017-04-12 22:29:19,937] INFO [kafka-log-cleaner-thread-0], Shutdown completed (kafka.log.LogCleaner)
[2017-04-12 22:29:21,786] INFO Shutting down the log cleaner. (kafka.log.LogCleaner)
[2017-04-12 22:29:21,787] INFO [kafka-log-cleaner-thread-0], Shutting down (kafka.log.LogCleaner)
[2017-04-12 22:29:21,788] INFO [kafka-log-cleaner-thread-0], Stopped  (kafka.log.LogCleaner)
[2017-04-12 22:29:21,788] INFO [kafka-log-cleaner-thread-0], Shutdown completed (kafka.log.LogCleaner)
[2017-04-12 22:32:08,208] INFO Starting the log cleaner (kafka.log.LogCleaner)
[2017-04-12 22:32:08,211] INFO [kafka-log-cleaner-thread-0], Starting  (kafka.log.LogCleaner)
[2017-04-12 22:32:19,607] INFO Starting the log cleaner (kafka.log.LogCleaner)
[2017-04-12 22:32:19,609] INFO [kafka-log-cleaner-thread-0], Starting  (kafka.log.LogCleaner)
[2017-04-12 22:32:28,164] INFO Starting the log cleaner (kafka.log.LogCleaner)
[2017-04-12 22:32:28,166] INFO [kafka-log-cleaner-thread-0], Starting  (kafka.log.LogCleaner)
