[2017-04-12 22:16:04,634] INFO KafkaConfig values: 
	advertised.host.name = null
	advertised.listeners = null
	advertised.port = null
	authorizer.class.name = 
	auto.create.topics.enable = true
	auto.leader.rebalance.enable = true
	background.threads = 10
	broker.id = 1
	broker.id.generation.enable = true
	broker.rack = null
	compression.type = producer
	connections.max.idle.ms = 600000
	controlled.shutdown.enable = true
	controlled.shutdown.max.retries = 3
	controlled.shutdown.retry.backoff.ms = 5000
	controller.socket.timeout.ms = 30000
	create.topic.policy.class.name = null
	default.replication.factor = 1
	delete.topic.enable = false
	fetch.purgatory.purge.interval.requests = 1000
	group.max.session.timeout.ms = 300000
	group.min.session.timeout.ms = 6000
	host.name = 
	inter.broker.listener.name = null
	inter.broker.protocol.version = 0.10.2-IV0
	leader.imbalance.check.interval.seconds = 300
	leader.imbalance.per.broker.percentage = 10
	listener.security.protocol.map = SSL:SSL,SASL_PLAINTEXT:SASL_PLAINTEXT,TRACE:TRACE,SASL_SSL:SASL_SSL,PLAINTEXT:PLAINTEXT
	listeners = PLAINTEXT://:9093
	log.cleaner.backoff.ms = 15000
	log.cleaner.dedupe.buffer.size = 134217728
	log.cleaner.delete.retention.ms = 86400000
	log.cleaner.enable = true
	log.cleaner.io.buffer.load.factor = 0.9
	log.cleaner.io.buffer.size = 524288
	log.cleaner.io.max.bytes.per.second = 1.7976931348623157E308
	log.cleaner.min.cleanable.ratio = 0.5
	log.cleaner.min.compaction.lag.ms = 0
	log.cleaner.threads = 1
	log.cleanup.policy = [delete]
	log.dir = /tmp/kafka-logs
	log.dirs = /tmp/kafka-logs-1
	log.flush.interval.messages = 9223372036854775807
	log.flush.interval.ms = null
	log.flush.offset.checkpoint.interval.ms = 60000
	log.flush.scheduler.interval.ms = 9223372036854775807
	log.index.interval.bytes = 4096
	log.index.size.max.bytes = 10485760
	log.message.format.version = 0.10.2-IV0
	log.message.timestamp.difference.max.ms = 9223372036854775807
	log.message.timestamp.type = CreateTime
	log.preallocate = false
	log.retention.bytes = -1
	log.retention.check.interval.ms = 300000
	log.retention.hours = 168
	log.retention.minutes = null
	log.retention.ms = null
	log.roll.hours = 168
	log.roll.jitter.hours = 0
	log.roll.jitter.ms = null
	log.roll.ms = null
	log.segment.bytes = 1073741824
	log.segment.delete.delay.ms = 60000
	max.connections.per.ip = 2147483647
	max.connections.per.ip.overrides = 
	message.max.bytes = 1000012
	metric.reporters = []
	metrics.num.samples = 2
	metrics.recording.level = INFO
	metrics.sample.window.ms = 30000
	min.insync.replicas = 1
	num.io.threads = 8
	num.network.threads = 3
	num.partitions = 1
	num.recovery.threads.per.data.dir = 1
	num.replica.fetchers = 1
	offset.metadata.max.bytes = 4096
	offsets.commit.required.acks = -1
	offsets.commit.timeout.ms = 5000
	offsets.load.buffer.size = 5242880
	offsets.retention.check.interval.ms = 600000
	offsets.retention.minutes = 1440
	offsets.topic.compression.codec = 0
	offsets.topic.num.partitions = 50
	offsets.topic.replication.factor = 3
	offsets.topic.segment.bytes = 104857600
	port = 9092
	principal.builder.class = class org.apache.kafka.common.security.auth.DefaultPrincipalBuilder
	producer.purgatory.purge.interval.requests = 1000
	queued.max.requests = 500
	quota.consumer.default = 9223372036854775807
	quota.producer.default = 9223372036854775807
	quota.window.num = 11
	quota.window.size.seconds = 1
	replica.fetch.backoff.ms = 1000
	replica.fetch.max.bytes = 1048576
	replica.fetch.min.bytes = 1
	replica.fetch.response.max.bytes = 10485760
	replica.fetch.wait.max.ms = 500
	replica.high.watermark.checkpoint.interval.ms = 5000
	replica.lag.time.max.ms = 10000
	replica.socket.receive.buffer.bytes = 65536
	replica.socket.timeout.ms = 30000
	replication.quota.window.num = 11
	replication.quota.window.size.seconds = 1
	request.timeout.ms = 30000
	reserved.broker.max.id = 1000
	sasl.enabled.mechanisms = [GSSAPI]
	sasl.kerberos.kinit.cmd = /usr/bin/kinit
	sasl.kerberos.min.time.before.relogin = 60000
	sasl.kerberos.principal.to.local.rules = [DEFAULT]
	sasl.kerberos.service.name = null
	sasl.kerberos.ticket.renew.jitter = 0.05
	sasl.kerberos.ticket.renew.window.factor = 0.8
	sasl.mechanism.inter.broker.protocol = GSSAPI
	security.inter.broker.protocol = PLAINTEXT
	socket.receive.buffer.bytes = 102400
	socket.request.max.bytes = 104857600
	socket.send.buffer.bytes = 102400
	ssl.cipher.suites = null
	ssl.client.auth = none
	ssl.enabled.protocols = [TLSv1.2, TLSv1.1, TLSv1]
	ssl.endpoint.identification.algorithm = null
	ssl.key.password = null
	ssl.keymanager.algorithm = SunX509
	ssl.keystore.location = null
	ssl.keystore.password = null
	ssl.keystore.type = JKS
	ssl.protocol = TLS
	ssl.provider = null
	ssl.secure.random.implementation = null
	ssl.trustmanager.algorithm = PKIX
	ssl.truststore.location = null
	ssl.truststore.password = null
	ssl.truststore.type = JKS
	unclean.leader.election.enable = true
	zookeeper.connect = zookeeper:2181
	zookeeper.connection.timeout.ms = 6000
	zookeeper.session.timeout.ms = 6000
	zookeeper.set.acl = false
	zookeeper.sync.time.ms = 2000
 (kafka.server.KafkaConfig)
[2017-04-12 22:16:04,768] INFO starting (kafka.server.KafkaServer)
[2017-04-12 22:16:04,776] INFO Connecting to zookeeper on zookeeper:2181 (kafka.server.KafkaServer)
[2017-04-12 22:16:05,699] INFO Cluster ID = IdG-5LhCTQGvDwZAHoB1lA (kafka.server.KafkaServer)
[2017-04-12 22:16:05,703] WARN No meta.properties file under dir /tmp/kafka-logs-1/meta.properties (kafka.server.BrokerMetadataCheckpoint)
[2017-04-12 22:16:05,831] INFO [ThrottledRequestReaper-Fetch], Starting  (kafka.server.ClientQuotaManager$ThrottledRequestReaper)
[2017-04-12 22:16:05,836] INFO [ThrottledRequestReaper-Produce], Starting  (kafka.server.ClientQuotaManager$ThrottledRequestReaper)
[2017-04-12 22:16:05,978] INFO Log directory '/tmp/kafka-logs-1' not found, creating it. (kafka.log.LogManager)
[2017-04-12 22:16:06,003] INFO Loading logs. (kafka.log.LogManager)
[2017-04-12 22:16:06,025] INFO Logs loading complete in 21 ms. (kafka.log.LogManager)
[2017-04-12 22:16:06,177] INFO Starting log cleanup with a period of 300000 ms. (kafka.log.LogManager)
[2017-04-12 22:16:06,201] INFO Starting log flusher with a default period of 9223372036854775807 ms. (kafka.log.LogManager)
[2017-04-12 22:16:06,350] INFO Awaiting socket connections on 0.0.0.0:9093. (kafka.network.Acceptor)
[2017-04-12 22:16:06,355] INFO [Socket Server on Broker 1], Started 1 acceptor threads (kafka.network.SocketServer)
[2017-04-12 22:16:06,481] INFO [ExpirationReaper-1], Starting  (kafka.server.DelayedOperationPurgatory$ExpiredOperationReaper)
[2017-04-12 22:16:06,486] INFO [ExpirationReaper-1], Starting  (kafka.server.DelayedOperationPurgatory$ExpiredOperationReaper)
[2017-04-12 22:16:06,802] INFO [ExpirationReaper-1], Starting  (kafka.server.DelayedOperationPurgatory$ExpiredOperationReaper)
[2017-04-12 22:16:06,813] INFO [ExpirationReaper-1], Starting  (kafka.server.DelayedOperationPurgatory$ExpiredOperationReaper)
[2017-04-12 22:16:06,819] INFO [ExpirationReaper-1], Starting  (kafka.server.DelayedOperationPurgatory$ExpiredOperationReaper)
[2017-04-12 22:16:06,920] INFO [GroupCoordinator 1]: Starting up. (kafka.coordinator.GroupCoordinator)
[2017-04-12 22:16:06,947] INFO [GroupCoordinator 1]: Startup complete. (kafka.coordinator.GroupCoordinator)
[2017-04-12 22:16:06,947] INFO [Group Metadata Manager on Broker 1]: Removed 0 expired offsets in 22 milliseconds. (kafka.coordinator.GroupMetadataManager)
[2017-04-12 22:16:07,078] INFO Will not load MX4J, mx4j-tools.jar is not in the classpath (kafka.utils.Mx4jLoader$)
[2017-04-12 22:16:07,308] INFO Creating /brokers/ids/1 (is it secure? false) (kafka.utils.ZKCheckedEphemeral)
[2017-04-12 22:16:07,358] INFO Result of znode creation is: OK (kafka.utils.ZKCheckedEphemeral)
[2017-04-12 22:16:07,363] INFO Registered broker 1 at path /brokers/ids/1 with addresses: EndPoint(a5d84caa8a0b,9093,ListenerName(PLAINTEXT),PLAINTEXT) (kafka.utils.ZkUtils)
[2017-04-12 22:16:07,366] WARN No meta.properties file under dir /tmp/kafka-logs-1/meta.properties (kafka.server.BrokerMetadataCheckpoint)
[2017-04-12 22:16:07,496] INFO [Kafka Server 1], started (kafka.server.KafkaServer)
[2017-04-12 22:26:06,926] INFO [Group Metadata Manager on Broker 1]: Removed 0 expired offsets in 0 milliseconds. (kafka.coordinator.GroupMetadataManager)
[2017-04-12 22:28:57,723] INFO [Kafka Server 1], shutting down (kafka.server.KafkaServer)
[2017-04-12 22:28:57,734] INFO [Kafka Server 1], Starting controlled shutdown (kafka.server.KafkaServer)
[2017-04-12 22:29:17,457] INFO KafkaConfig values: 
	advertised.host.name = null
	advertised.listeners = null
	advertised.port = null
	authorizer.class.name = 
	auto.create.topics.enable = true
	auto.leader.rebalance.enable = true
	background.threads = 10
	broker.id = 2
	broker.id.generation.enable = true
	broker.rack = null
	compression.type = producer
	connections.max.idle.ms = 600000
	controlled.shutdown.enable = true
	controlled.shutdown.max.retries = 3
	controlled.shutdown.retry.backoff.ms = 5000
	controller.socket.timeout.ms = 30000
	create.topic.policy.class.name = null
	default.replication.factor = 1
	delete.topic.enable = false
	fetch.purgatory.purge.interval.requests = 1000
	group.max.session.timeout.ms = 300000
	group.min.session.timeout.ms = 6000
	host.name = 
	inter.broker.listener.name = null
	inter.broker.protocol.version = 0.10.2-IV0
	leader.imbalance.check.interval.seconds = 300
	leader.imbalance.per.broker.percentage = 10
	listener.security.protocol.map = SSL:SSL,SASL_PLAINTEXT:SASL_PLAINTEXT,TRACE:TRACE,SASL_SSL:SASL_SSL,PLAINTEXT:PLAINTEXT
	listeners = PLAINTEXT://:9094
	log.cleaner.backoff.ms = 15000
	log.cleaner.dedupe.buffer.size = 134217728
	log.cleaner.delete.retention.ms = 86400000
	log.cleaner.enable = true
	log.cleaner.io.buffer.load.factor = 0.9
	log.cleaner.io.buffer.size = 524288
	log.cleaner.io.max.bytes.per.second = 1.7976931348623157E308
	log.cleaner.min.cleanable.ratio = 0.5
	log.cleaner.min.compaction.lag.ms = 0
	log.cleaner.threads = 1
	log.cleanup.policy = [delete]
	log.dir = /tmp/kafka-logs
	log.dirs = /tmp/kafka-logs-2
	log.flush.interval.messages = 9223372036854775807
	log.flush.interval.ms = null
	log.flush.offset.checkpoint.interval.ms = 60000
	log.flush.scheduler.interval.ms = 9223372036854775807
	log.index.interval.bytes = 4096
	log.index.size.max.bytes = 10485760
	log.message.format.version = 0.10.2-IV0
	log.message.timestamp.difference.max.ms = 9223372036854775807
	log.message.timestamp.type = CreateTime
	log.preallocate = false
	log.retention.bytes = -1
	log.retention.check.interval.ms = 300000
	log.retention.hours = 168
	log.retention.minutes = null
	log.retention.ms = null
	log.roll.hours = 168
	log.roll.jitter.hours = 0
	log.roll.jitter.ms = null
	log.roll.ms = null
	log.segment.bytes = 1073741824
	log.segment.delete.delay.ms = 60000
	max.connections.per.ip = 2147483647
	max.connections.per.ip.overrides = 
	message.max.bytes = 1000012
	metric.reporters = []
	metrics.num.samples = 2
	metrics.recording.level = INFO
	metrics.sample.window.ms = 30000
	min.insync.replicas = 1
	num.io.threads = 8
	num.network.threads = 3
	num.partitions = 1
	num.recovery.threads.per.data.dir = 1
	num.replica.fetchers = 1
	offset.metadata.max.bytes = 4096
	offsets.commit.required.acks = -1
	offsets.commit.timeout.ms = 5000
	offsets.load.buffer.size = 5242880
	offsets.retention.check.interval.ms = 600000
	offsets.retention.minutes = 1440
	offsets.topic.compression.codec = 0
	offsets.topic.num.partitions = 50
	offsets.topic.replication.factor = 3
	offsets.topic.segment.bytes = 104857600
	port = 9092
	principal.builder.class = class org.apache.kafka.common.security.auth.DefaultPrincipalBuilder
	producer.purgatory.purge.interval.requests = 1000
	queued.max.requests = 500
	quota.consumer.default = 9223372036854775807
	quota.producer.default = 9223372036854775807
	quota.window.num = 11
	quota.window.size.seconds = 1
	replica.fetch.backoff.ms = 1000
	replica.fetch.max.bytes = 1048576
	replica.fetch.min.bytes = 1
	replica.fetch.response.max.bytes = 10485760
	replica.fetch.wait.max.ms = 500
	replica.high.watermark.checkpoint.interval.ms = 5000
	replica.lag.time.max.ms = 10000
	replica.socket.receive.buffer.bytes = 65536
	replica.socket.timeout.ms = 30000
	replication.quota.window.num = 11
	replication.quota.window.size.seconds = 1
	request.timeout.ms = 30000
	reserved.broker.max.id = 1000
	sasl.enabled.mechanisms = [GSSAPI]
	sasl.kerberos.kinit.cmd = /usr/bin/kinit
	sasl.kerberos.min.time.before.relogin = 60000
	sasl.kerberos.principal.to.local.rules = [DEFAULT]
	sasl.kerberos.service.name = null
	sasl.kerberos.ticket.renew.jitter = 0.05
	sasl.kerberos.ticket.renew.window.factor = 0.8
	sasl.mechanism.inter.broker.protocol = GSSAPI
	security.inter.broker.protocol = PLAINTEXT
	socket.receive.buffer.bytes = 102400
	socket.request.max.bytes = 104857600
	socket.send.buffer.bytes = 102400
	ssl.cipher.suites = null
	ssl.client.auth = none
	ssl.enabled.protocols = [TLSv1.2, TLSv1.1, TLSv1]
	ssl.endpoint.identification.algorithm = null
	ssl.key.password = null
	ssl.keymanager.algorithm = SunX509
	ssl.keystore.location = null
	ssl.keystore.password = null
	ssl.keystore.type = JKS
	ssl.protocol = TLS
	ssl.provider = null
	ssl.secure.random.implementation = null
	ssl.trustmanager.algorithm = PKIX
	ssl.truststore.location = null
	ssl.truststore.password = null
	ssl.truststore.type = JKS
	unclean.leader.election.enable = true
	zookeeper.connect = 192.168.1.8:2181
	zookeeper.connection.timeout.ms = 6000
	zookeeper.session.timeout.ms = 6000
	zookeeper.set.acl = false
	zookeeper.sync.time.ms = 2000
 (kafka.server.KafkaConfig)
[2017-04-12 22:29:17,581] INFO KafkaConfig values: 
	advertised.host.name = null
	advertised.listeners = null
	advertised.port = null
	authorizer.class.name = 
	auto.create.topics.enable = true
	auto.leader.rebalance.enable = true
	background.threads = 10
	broker.id = 0
	broker.id.generation.enable = true
	broker.rack = null
	compression.type = producer
	connections.max.idle.ms = 600000
	controlled.shutdown.enable = true
	controlled.shutdown.max.retries = 3
	controlled.shutdown.retry.backoff.ms = 5000
	controller.socket.timeout.ms = 30000
	create.topic.policy.class.name = null
	default.replication.factor = 1
	delete.topic.enable = false
	fetch.purgatory.purge.interval.requests = 1000
	group.max.session.timeout.ms = 300000
	group.min.session.timeout.ms = 6000
	host.name = 
	inter.broker.listener.name = null
	inter.broker.protocol.version = 0.10.2-IV0
	leader.imbalance.check.interval.seconds = 300
	leader.imbalance.per.broker.percentage = 10
	listener.security.protocol.map = SSL:SSL,SASL_PLAINTEXT:SASL_PLAINTEXT,TRACE:TRACE,SASL_SSL:SASL_SSL,PLAINTEXT:PLAINTEXT
	listeners = null
	log.cleaner.backoff.ms = 15000
	log.cleaner.dedupe.buffer.size = 134217728
	log.cleaner.delete.retention.ms = 86400000
	log.cleaner.enable = true
	log.cleaner.io.buffer.load.factor = 0.9
	log.cleaner.io.buffer.size = 524288
	log.cleaner.io.max.bytes.per.second = 1.7976931348623157E308
	log.cleaner.min.cleanable.ratio = 0.5
	log.cleaner.min.compaction.lag.ms = 0
	log.cleaner.threads = 1
	log.cleanup.policy = [delete]
	log.dir = /tmp/kafka-logs
	log.dirs = /tmp/kafka-logs
	log.flush.interval.messages = 9223372036854775807
	log.flush.interval.ms = null
	log.flush.offset.checkpoint.interval.ms = 60000
	log.flush.scheduler.interval.ms = 9223372036854775807
	log.index.interval.bytes = 4096
	log.index.size.max.bytes = 10485760
	log.message.format.version = 0.10.2-IV0
	log.message.timestamp.difference.max.ms = 9223372036854775807
	log.message.timestamp.type = CreateTime
	log.preallocate = false
	log.retention.bytes = -1
	log.retention.check.interval.ms = 300000
	log.retention.hours = 168
	log.retention.minutes = null
	log.retention.ms = null
	log.roll.hours = 168
	log.roll.jitter.hours = 0
	log.roll.jitter.ms = null
	log.roll.ms = null
	log.segment.bytes = 1073741824
	log.segment.delete.delay.ms = 60000
	max.connections.per.ip = 2147483647
	max.connections.per.ip.overrides = 
	message.max.bytes = 1000012
	metric.reporters = []
	metrics.num.samples = 2
	metrics.recording.level = INFO
	metrics.sample.window.ms = 30000
	min.insync.replicas = 1
	num.io.threads = 8
	num.network.threads = 3
	num.partitions = 1
	num.recovery.threads.per.data.dir = 1
	num.replica.fetchers = 1
	offset.metadata.max.bytes = 4096
	offsets.commit.required.acks = -1
	offsets.commit.timeout.ms = 5000
	offsets.load.buffer.size = 5242880
	offsets.retention.check.interval.ms = 600000
	offsets.retention.minutes = 1440
	offsets.topic.compression.codec = 0
	offsets.topic.num.partitions = 50
	offsets.topic.replication.factor = 3
	offsets.topic.segment.bytes = 104857600
	port = 9092
	principal.builder.class = class org.apache.kafka.common.security.auth.DefaultPrincipalBuilder
	producer.purgatory.purge.interval.requests = 1000
	queued.max.requests = 500
	quota.consumer.default = 9223372036854775807
	quota.producer.default = 9223372036854775807
	quota.window.num = 11
	quota.window.size.seconds = 1
	replica.fetch.backoff.ms = 1000
	replica.fetch.max.bytes = 1048576
	replica.fetch.min.bytes = 1
	replica.fetch.response.max.bytes = 10485760
	replica.fetch.wait.max.ms = 500
	replica.high.watermark.checkpoint.interval.ms = 5000
	replica.lag.time.max.ms = 10000
	replica.socket.receive.buffer.bytes = 65536
	replica.socket.timeout.ms = 30000
	replication.quota.window.num = 11
	replication.quota.window.size.seconds = 1
	request.timeout.ms = 30000
	reserved.broker.max.id = 1000
	sasl.enabled.mechanisms = [GSSAPI]
	sasl.kerberos.kinit.cmd = /usr/bin/kinit
	sasl.kerberos.min.time.before.relogin = 60000
	sasl.kerberos.principal.to.local.rules = [DEFAULT]
	sasl.kerberos.service.name = null
	sasl.kerberos.ticket.renew.jitter = 0.05
	sasl.kerberos.ticket.renew.window.factor = 0.8
	sasl.mechanism.inter.broker.protocol = GSSAPI
	security.inter.broker.protocol = PLAINTEXT
	socket.receive.buffer.bytes = 102400
	socket.request.max.bytes = 104857600
	socket.send.buffer.bytes = 102400
	ssl.cipher.suites = null
	ssl.client.auth = none
	ssl.enabled.protocols = [TLSv1.2, TLSv1.1, TLSv1]
	ssl.endpoint.identification.algorithm = null
	ssl.key.password = null
	ssl.keymanager.algorithm = SunX509
	ssl.keystore.location = null
	ssl.keystore.password = null
	ssl.keystore.type = JKS
	ssl.protocol = TLS
	ssl.provider = null
	ssl.secure.random.implementation = null
	ssl.trustmanager.algorithm = PKIX
	ssl.truststore.location = null
	ssl.truststore.password = null
	ssl.truststore.type = JKS
	unclean.leader.election.enable = true
	zookeeper.connect = 192.168.1.8:2181
	zookeeper.connection.timeout.ms = 6000
	zookeeper.session.timeout.ms = 6000
	zookeeper.set.acl = false
	zookeeper.sync.time.ms = 2000
 (kafka.server.KafkaConfig)
[2017-04-12 22:29:17,583] INFO KafkaConfig values: 
	advertised.host.name = null
	advertised.listeners = null
	advertised.port = null
	authorizer.class.name = 
	auto.create.topics.enable = true
	auto.leader.rebalance.enable = true
	background.threads = 10
	broker.id = 1
	broker.id.generation.enable = true
	broker.rack = null
	compression.type = producer
	connections.max.idle.ms = 600000
	controlled.shutdown.enable = true
	controlled.shutdown.max.retries = 3
	controlled.shutdown.retry.backoff.ms = 5000
	controller.socket.timeout.ms = 30000
	create.topic.policy.class.name = null
	default.replication.factor = 1
	delete.topic.enable = false
	fetch.purgatory.purge.interval.requests = 1000
	group.max.session.timeout.ms = 300000
	group.min.session.timeout.ms = 6000
	host.name = 
	inter.broker.listener.name = null
	inter.broker.protocol.version = 0.10.2-IV0
	leader.imbalance.check.interval.seconds = 300
	leader.imbalance.per.broker.percentage = 10
	listener.security.protocol.map = SSL:SSL,SASL_PLAINTEXT:SASL_PLAINTEXT,TRACE:TRACE,SASL_SSL:SASL_SSL,PLAINTEXT:PLAINTEXT
	listeners = PLAINTEXT://:9093
	log.cleaner.backoff.ms = 15000
	log.cleaner.dedupe.buffer.size = 134217728
	log.cleaner.delete.retention.ms = 86400000
	log.cleaner.enable = true
	log.cleaner.io.buffer.load.factor = 0.9
	log.cleaner.io.buffer.size = 524288
	log.cleaner.io.max.bytes.per.second = 1.7976931348623157E308
	log.cleaner.min.cleanable.ratio = 0.5
	log.cleaner.min.compaction.lag.ms = 0
	log.cleaner.threads = 1
	log.cleanup.policy = [delete]
	log.dir = /tmp/kafka-logs
	log.dirs = /tmp/kafka-logs-1
	log.flush.interval.messages = 9223372036854775807
	log.flush.interval.ms = null
	log.flush.offset.checkpoint.interval.ms = 60000
	log.flush.scheduler.interval.ms = 9223372036854775807
	log.index.interval.bytes = 4096
	log.index.size.max.bytes = 10485760
	log.message.format.version = 0.10.2-IV0
	log.message.timestamp.difference.max.ms = 9223372036854775807
	log.message.timestamp.type = CreateTime
	log.preallocate = false
	log.retention.bytes = -1
	log.retention.check.interval.ms = 300000
	log.retention.hours = 168
	log.retention.minutes = null
	log.retention.ms = null
	log.roll.hours = 168
	log.roll.jitter.hours = 0
	log.roll.jitter.ms = null
	log.roll.ms = null
	log.segment.bytes = 1073741824
	log.segment.delete.delay.ms = 60000
	max.connections.per.ip = 2147483647
	max.connections.per.ip.overrides = 
	message.max.bytes = 1000012
	metric.reporters = []
	metrics.num.samples = 2
	metrics.recording.level = INFO
	metrics.sample.window.ms = 30000
	min.insync.replicas = 1
	num.io.threads = 8
	num.network.threads = 3
	num.partitions = 1
	num.recovery.threads.per.data.dir = 1
	num.replica.fetchers = 1
	offset.metadata.max.bytes = 4096
	offsets.commit.required.acks = -1
	offsets.commit.timeout.ms = 5000
	offsets.load.buffer.size = 5242880
	offsets.retention.check.interval.ms = 600000
	offsets.retention.minutes = 1440
	offsets.topic.compression.codec = 0
	offsets.topic.num.partitions = 50
	offsets.topic.replication.factor = 3
	offsets.topic.segment.bytes = 104857600
	port = 9092
	principal.builder.class = class org.apache.kafka.common.security.auth.DefaultPrincipalBuilder
	producer.purgatory.purge.interval.requests = 1000
	queued.max.requests = 500
	quota.consumer.default = 9223372036854775807
	quota.producer.default = 9223372036854775807
	quota.window.num = 11
	quota.window.size.seconds = 1
	replica.fetch.backoff.ms = 1000
	replica.fetch.max.bytes = 1048576
	replica.fetch.min.bytes = 1
	replica.fetch.response.max.bytes = 10485760
	replica.fetch.wait.max.ms = 500
	replica.high.watermark.checkpoint.interval.ms = 5000
	replica.lag.time.max.ms = 10000
	replica.socket.receive.buffer.bytes = 65536
	replica.socket.timeout.ms = 30000
	replication.quota.window.num = 11
	replication.quota.window.size.seconds = 1
	request.timeout.ms = 30000
	reserved.broker.max.id = 1000
	sasl.enabled.mechanisms = [GSSAPI]
	sasl.kerberos.kinit.cmd = /usr/bin/kinit
	sasl.kerberos.min.time.before.relogin = 60000
	sasl.kerberos.principal.to.local.rules = [DEFAULT]
	sasl.kerberos.service.name = null
	sasl.kerberos.ticket.renew.jitter = 0.05
	sasl.kerberos.ticket.renew.window.factor = 0.8
	sasl.mechanism.inter.broker.protocol = GSSAPI
	security.inter.broker.protocol = PLAINTEXT
	socket.receive.buffer.bytes = 102400
	socket.request.max.bytes = 104857600
	socket.send.buffer.bytes = 102400
	ssl.cipher.suites = null
	ssl.client.auth = none
	ssl.enabled.protocols = [TLSv1.2, TLSv1.1, TLSv1]
	ssl.endpoint.identification.algorithm = null
	ssl.key.password = null
	ssl.keymanager.algorithm = SunX509
	ssl.keystore.location = null
	ssl.keystore.password = null
	ssl.keystore.type = JKS
	ssl.protocol = TLS
	ssl.provider = null
	ssl.secure.random.implementation = null
	ssl.trustmanager.algorithm = PKIX
	ssl.truststore.location = null
	ssl.truststore.password = null
	ssl.truststore.type = JKS
	unclean.leader.election.enable = true
	zookeeper.connect = 192.168.1.8:2181
	zookeeper.connection.timeout.ms = 6000
	zookeeper.session.timeout.ms = 6000
	zookeeper.set.acl = false
	zookeeper.sync.time.ms = 2000
 (kafka.server.KafkaConfig)
[2017-04-12 22:29:17,647] INFO starting (kafka.server.KafkaServer)
[2017-04-12 22:29:17,655] INFO Connecting to zookeeper on 192.168.1.8:2181 (kafka.server.KafkaServer)
[2017-04-12 22:29:17,757] INFO starting (kafka.server.KafkaServer)
[2017-04-12 22:29:17,765] INFO Connecting to zookeeper on 192.168.1.8:2181 (kafka.server.KafkaServer)
[2017-04-12 22:29:17,794] INFO starting (kafka.server.KafkaServer)
[2017-04-12 22:29:17,805] INFO Connecting to zookeeper on 192.168.1.8:2181 (kafka.server.KafkaServer)
[2017-04-12 22:29:18,266] INFO Cluster ID = IdG-5LhCTQGvDwZAHoB1lA (kafka.server.KafkaServer)
[2017-04-12 22:29:18,271] INFO Cluster ID = IdG-5LhCTQGvDwZAHoB1lA (kafka.server.KafkaServer)
[2017-04-12 22:29:18,291] INFO Cluster ID = IdG-5LhCTQGvDwZAHoB1lA (kafka.server.KafkaServer)
[2017-04-12 22:29:18,353] INFO [ThrottledRequestReaper-Fetch], Starting  (kafka.server.ClientQuotaManager$ThrottledRequestReaper)
[2017-04-12 22:29:18,358] INFO [ThrottledRequestReaper-Produce], Starting  (kafka.server.ClientQuotaManager$ThrottledRequestReaper)
[2017-04-12 22:29:18,364] INFO [ThrottledRequestReaper-Fetch], Starting  (kafka.server.ClientQuotaManager$ThrottledRequestReaper)
[2017-04-12 22:29:18,368] INFO [ThrottledRequestReaper-Produce], Starting  (kafka.server.ClientQuotaManager$ThrottledRequestReaper)
[2017-04-12 22:29:18,382] INFO [ThrottledRequestReaper-Fetch], Starting  (kafka.server.ClientQuotaManager$ThrottledRequestReaper)
[2017-04-12 22:29:18,386] INFO [ThrottledRequestReaper-Produce], Starting  (kafka.server.ClientQuotaManager$ThrottledRequestReaper)
[2017-04-12 22:29:18,459] INFO Loading logs. (kafka.log.LogManager)
[2017-04-12 22:29:18,464] INFO Loading logs. (kafka.log.LogManager)
[2017-04-12 22:29:18,470] INFO Loading logs. (kafka.log.LogManager)
[2017-04-12 22:29:18,473] INFO Logs loading complete in 12 ms. (kafka.log.LogManager)
[2017-04-12 22:29:18,479] INFO Logs loading complete in 14 ms. (kafka.log.LogManager)
[2017-04-12 22:29:18,484] INFO Logs loading complete in 13 ms. (kafka.log.LogManager)
[2017-04-12 22:29:18,571] INFO Starting log cleanup with a period of 300000 ms. (kafka.log.LogManager)
[2017-04-12 22:29:18,577] INFO Starting log flusher with a default period of 9223372036854775807 ms. (kafka.log.LogManager)
[2017-04-12 22:29:18,578] INFO Starting log cleanup with a period of 300000 ms. (kafka.log.LogManager)
[2017-04-12 22:29:18,584] INFO Starting log flusher with a default period of 9223372036854775807 ms. (kafka.log.LogManager)
[2017-04-12 22:29:18,594] INFO Starting log cleanup with a period of 300000 ms. (kafka.log.LogManager)
[2017-04-12 22:29:18,601] INFO Starting log flusher with a default period of 9223372036854775807 ms. (kafka.log.LogManager)
[2017-04-12 22:29:18,683] INFO Awaiting socket connections on 0.0.0.0:9092. (kafka.network.Acceptor)
[2017-04-12 22:29:18,684] INFO Awaiting socket connections on 0.0.0.0:9093. (kafka.network.Acceptor)
[2017-04-12 22:29:18,690] INFO [Socket Server on Broker 1], Started 1 acceptor threads (kafka.network.SocketServer)
[2017-04-12 22:29:18,691] INFO [Socket Server on Broker 0], Started 1 acceptor threads (kafka.network.SocketServer)
[2017-04-12 22:29:18,704] INFO Awaiting socket connections on 0.0.0.0:9094. (kafka.network.Acceptor)
[2017-04-12 22:29:18,708] INFO [Socket Server on Broker 2], Started 1 acceptor threads (kafka.network.SocketServer)
[2017-04-12 22:29:18,740] INFO [ExpirationReaper-0], Starting  (kafka.server.DelayedOperationPurgatory$ExpiredOperationReaper)
[2017-04-12 22:29:18,745] INFO [ExpirationReaper-0], Starting  (kafka.server.DelayedOperationPurgatory$ExpiredOperationReaper)
[2017-04-12 22:29:18,752] INFO [ExpirationReaper-1], Starting  (kafka.server.DelayedOperationPurgatory$ExpiredOperationReaper)
[2017-04-12 22:29:18,754] INFO [ExpirationReaper-1], Starting  (kafka.server.DelayedOperationPurgatory$ExpiredOperationReaper)
[2017-04-12 22:29:18,768] INFO [ExpirationReaper-2], Starting  (kafka.server.DelayedOperationPurgatory$ExpiredOperationReaper)
[2017-04-12 22:29:18,770] INFO [ExpirationReaper-2], Starting  (kafka.server.DelayedOperationPurgatory$ExpiredOperationReaper)
[2017-04-12 22:29:18,896] INFO [ExpirationReaper-0], Starting  (kafka.server.DelayedOperationPurgatory$ExpiredOperationReaper)
[2017-04-12 22:29:18,905] INFO [ExpirationReaper-0], Starting  (kafka.server.DelayedOperationPurgatory$ExpiredOperationReaper)
[2017-04-12 22:29:18,907] INFO [ExpirationReaper-0], Starting  (kafka.server.DelayedOperationPurgatory$ExpiredOperationReaper)
[2017-04-12 22:29:18,916] INFO [ExpirationReaper-1], Starting  (kafka.server.DelayedOperationPurgatory$ExpiredOperationReaper)
[2017-04-12 22:29:18,924] INFO [ExpirationReaper-1], Starting  (kafka.server.DelayedOperationPurgatory$ExpiredOperationReaper)
[2017-04-12 22:29:18,926] INFO [ExpirationReaper-1], Starting  (kafka.server.DelayedOperationPurgatory$ExpiredOperationReaper)
[2017-04-12 22:29:18,963] INFO [ExpirationReaper-2], Starting  (kafka.server.DelayedOperationPurgatory$ExpiredOperationReaper)
[2017-04-12 22:29:18,973] INFO [ExpirationReaper-2], Starting  (kafka.server.DelayedOperationPurgatory$ExpiredOperationReaper)
[2017-04-12 22:29:18,974] INFO [GroupCoordinator 0]: Starting up. (kafka.coordinator.GroupCoordinator)
[2017-04-12 22:29:18,977] INFO [ExpirationReaper-2], Starting  (kafka.server.DelayedOperationPurgatory$ExpiredOperationReaper)
[2017-04-12 22:29:18,978] INFO [GroupCoordinator 1]: Starting up. (kafka.coordinator.GroupCoordinator)
[2017-04-12 22:29:18,980] INFO [GroupCoordinator 1]: Startup complete. (kafka.coordinator.GroupCoordinator)
[2017-04-12 22:29:18,982] INFO [GroupCoordinator 0]: Startup complete. (kafka.coordinator.GroupCoordinator)
[2017-04-12 22:29:18,984] INFO [Group Metadata Manager on Broker 1]: Removed 0 expired offsets in 5 milliseconds. (kafka.coordinator.GroupMetadataManager)
[2017-04-12 22:29:18,992] INFO [Group Metadata Manager on Broker 0]: Removed 0 expired offsets in 10 milliseconds. (kafka.coordinator.GroupMetadataManager)
[2017-04-12 22:29:19,048] INFO [GroupCoordinator 2]: Starting up. (kafka.coordinator.GroupCoordinator)
[2017-04-12 22:29:19,052] INFO [GroupCoordinator 2]: Startup complete. (kafka.coordinator.GroupCoordinator)
[2017-04-12 22:29:19,074] INFO [Group Metadata Manager on Broker 2]: Removed 0 expired offsets in 21 milliseconds. (kafka.coordinator.GroupMetadataManager)
[2017-04-12 22:29:19,076] INFO Will not load MX4J, mx4j-tools.jar is not in the classpath (kafka.utils.Mx4jLoader$)
[2017-04-12 22:29:19,076] INFO Will not load MX4J, mx4j-tools.jar is not in the classpath (kafka.utils.Mx4jLoader$)
[2017-04-12 22:29:19,127] INFO Will not load MX4J, mx4j-tools.jar is not in the classpath (kafka.utils.Mx4jLoader$)
[2017-04-12 22:29:19,152] INFO Creating /brokers/ids/1 (is it secure? false) (kafka.utils.ZKCheckedEphemeral)
[2017-04-12 22:29:19,160] INFO Creating /brokers/ids/0 (is it secure? false) (kafka.utils.ZKCheckedEphemeral)
[2017-04-12 22:29:19,219] INFO Creating /brokers/ids/2 (is it secure? false) (kafka.utils.ZKCheckedEphemeral)
[2017-04-12 22:29:19,224] INFO Result of znode creation is: NODEEXISTS (kafka.utils.ZKCheckedEphemeral)
[2017-04-12 22:29:19,226] FATAL [Kafka Server 1], Fatal error during KafkaServer startup. Prepare to shutdown (kafka.server.KafkaServer)
java.lang.RuntimeException: A broker is already registered on the path /brokers/ids/1. This probably indicates that you either have configured a brokerid that is already in use, or else you have shutdown this broker and restarted it faster than the zookeeper timeout so it appears to be re-registering.
	at kafka.utils.ZkUtils.registerBrokerInZk(ZkUtils.scala:378)
	at kafka.utils.ZkUtils.registerBrokerInZk(ZkUtils.scala:361)
	at kafka.server.KafkaHealthcheck.register(KafkaHealthcheck.scala:72)
	at kafka.server.KafkaHealthcheck.startup(KafkaHealthcheck.scala:51)
	at kafka.server.KafkaServer.startup(KafkaServer.scala:269)
	at kafka.server.KafkaServerStartable.startup(KafkaServerStartable.scala:39)
	at kafka.Kafka$.main(Kafka.scala:67)
	at kafka.Kafka.main(Kafka.scala)
[2017-04-12 22:29:19,230] INFO [Kafka Server 1], shutting down (kafka.server.KafkaServer)
[2017-04-12 22:29:19,235] INFO [Socket Server on Broker 1], Shutting down (kafka.network.SocketServer)
[2017-04-12 22:29:19,246] INFO Result of znode creation is: NODEEXISTS (kafka.utils.ZKCheckedEphemeral)
[2017-04-12 22:29:19,250] FATAL [Kafka Server 0], Fatal error during KafkaServer startup. Prepare to shutdown (kafka.server.KafkaServer)
java.lang.RuntimeException: A broker is already registered on the path /brokers/ids/0. This probably indicates that you either have configured a brokerid that is already in use, or else you have shutdown this broker and restarted it faster than the zookeeper timeout so it appears to be re-registering.
	at kafka.utils.ZkUtils.registerBrokerInZk(ZkUtils.scala:378)
	at kafka.utils.ZkUtils.registerBrokerInZk(ZkUtils.scala:361)
	at kafka.server.KafkaHealthcheck.register(KafkaHealthcheck.scala:72)
	at kafka.server.KafkaHealthcheck.startup(KafkaHealthcheck.scala:51)
	at kafka.server.KafkaServer.startup(KafkaServer.scala:269)
	at kafka.server.KafkaServerStartable.startup(KafkaServerStartable.scala:39)
	at kafka.Kafka$.main(Kafka.scala:67)
	at kafka.Kafka.main(Kafka.scala)
[2017-04-12 22:29:19,255] INFO [Kafka Server 0], shutting down (kafka.server.KafkaServer)
[2017-04-12 22:29:19,256] INFO [Socket Server on Broker 1], Shutdown completed (kafka.network.SocketServer)
[2017-04-12 22:29:19,257] INFO [Kafka Request Handler on Broker 1], shutting down (kafka.server.KafkaRequestHandlerPool)
[2017-04-12 22:29:19,260] INFO [Socket Server on Broker 0], Shutting down (kafka.network.SocketServer)
[2017-04-12 22:29:19,275] INFO [Socket Server on Broker 0], Shutdown completed (kafka.network.SocketServer)
[2017-04-12 22:29:19,276] INFO [Kafka Request Handler on Broker 0], shutting down (kafka.server.KafkaRequestHandlerPool)
[2017-04-12 22:29:19,294] INFO Result of znode creation is: NODEEXISTS (kafka.utils.ZKCheckedEphemeral)
[2017-04-12 22:29:19,297] FATAL [Kafka Server 2], Fatal error during KafkaServer startup. Prepare to shutdown (kafka.server.KafkaServer)
java.lang.RuntimeException: A broker is already registered on the path /brokers/ids/2. This probably indicates that you either have configured a brokerid that is already in use, or else you have shutdown this broker and restarted it faster than the zookeeper timeout so it appears to be re-registering.
	at kafka.utils.ZkUtils.registerBrokerInZk(ZkUtils.scala:378)
	at kafka.utils.ZkUtils.registerBrokerInZk(ZkUtils.scala:361)
	at kafka.server.KafkaHealthcheck.register(KafkaHealthcheck.scala:72)
	at kafka.server.KafkaHealthcheck.startup(KafkaHealthcheck.scala:51)
	at kafka.server.KafkaServer.startup(KafkaServer.scala:269)
	at kafka.server.KafkaServerStartable.startup(KafkaServerStartable.scala:39)
	at kafka.Kafka$.main(Kafka.scala:67)
	at kafka.Kafka.main(Kafka.scala)
[2017-04-12 22:29:19,302] INFO [Kafka Server 2], shutting down (kafka.server.KafkaServer)
[2017-04-12 22:29:19,307] INFO [Socket Server on Broker 2], Shutting down (kafka.network.SocketServer)
[2017-04-12 22:29:19,327] INFO [Socket Server on Broker 2], Shutdown completed (kafka.network.SocketServer)
[2017-04-12 22:29:19,336] INFO [Kafka Request Handler on Broker 2], shutting down (kafka.server.KafkaRequestHandlerPool)
[2017-04-12 22:29:19,343] INFO [Kafka Request Handler on Broker 0], shut down completely (kafka.server.KafkaRequestHandlerPool)
[2017-04-12 22:29:19,349] INFO [ThrottledRequestReaper-Fetch], Shutting down (kafka.server.ClientQuotaManager$ThrottledRequestReaper)
[2017-04-12 22:29:19,360] INFO [Kafka Request Handler on Broker 1], shut down completely (kafka.server.KafkaRequestHandlerPool)
[2017-04-12 22:29:19,367] INFO [ThrottledRequestReaper-Fetch], Shutdown completed (kafka.server.ClientQuotaManager$ThrottledRequestReaper)
[2017-04-12 22:29:19,367] INFO [ThrottledRequestReaper-Produce], Shutting down (kafka.server.ClientQuotaManager$ThrottledRequestReaper)
[2017-04-12 22:29:19,368] INFO [ThrottledRequestReaper-Fetch], Stopped  (kafka.server.ClientQuotaManager$ThrottledRequestReaper)
[2017-04-12 22:29:19,372] INFO [ThrottledRequestReaper-Produce], Shutdown completed (kafka.server.ClientQuotaManager$ThrottledRequestReaper)
[2017-04-12 22:29:19,372] INFO [ThrottledRequestReaper-Produce], Stopped  (kafka.server.ClientQuotaManager$ThrottledRequestReaper)
[2017-04-12 22:29:19,374] INFO [KafkaApi-0] Shutdown complete. (kafka.server.KafkaApis)
[2017-04-12 22:29:19,373] INFO [ThrottledRequestReaper-Fetch], Shutting down (kafka.server.ClientQuotaManager$ThrottledRequestReaper)
[2017-04-12 22:29:19,377] INFO [Replica Manager on Broker 0]: Shutting down (kafka.server.ReplicaManager)
[2017-04-12 22:29:19,379] INFO [ReplicaFetcherManager on broker 0] shutting down (kafka.server.ReplicaFetcherManager)
[2017-04-12 22:29:19,383] INFO [ThrottledRequestReaper-Fetch], Stopped  (kafka.server.ClientQuotaManager$ThrottledRequestReaper)
[2017-04-12 22:29:19,383] INFO [ReplicaFetcherManager on broker 0] shutdown completed (kafka.server.ReplicaFetcherManager)
[2017-04-12 22:29:19,384] INFO [ThrottledRequestReaper-Fetch], Shutdown completed (kafka.server.ClientQuotaManager$ThrottledRequestReaper)
[2017-04-12 22:29:19,385] INFO [ExpirationReaper-0], Shutting down (kafka.server.DelayedOperationPurgatory$ExpiredOperationReaper)
[2017-04-12 22:29:19,385] INFO [ThrottledRequestReaper-Produce], Shutting down (kafka.server.ClientQuotaManager$ThrottledRequestReaper)
[2017-04-12 22:29:19,386] INFO [ThrottledRequestReaper-Produce], Stopped  (kafka.server.ClientQuotaManager$ThrottledRequestReaper)
[2017-04-12 22:29:19,387] INFO [ThrottledRequestReaper-Produce], Shutdown completed (kafka.server.ClientQuotaManager$ThrottledRequestReaper)
[2017-04-12 22:29:19,388] INFO [KafkaApi-1] Shutdown complete. (kafka.server.KafkaApis)
[2017-04-12 22:29:19,392] INFO [Replica Manager on Broker 1]: Shutting down (kafka.server.ReplicaManager)
[2017-04-12 22:29:19,394] INFO [ReplicaFetcherManager on broker 1] shutting down (kafka.server.ReplicaFetcherManager)
[2017-04-12 22:29:19,399] INFO [ReplicaFetcherManager on broker 1] shutdown completed (kafka.server.ReplicaFetcherManager)
[2017-04-12 22:29:19,399] INFO [ExpirationReaper-1], Shutting down (kafka.server.DelayedOperationPurgatory$ExpiredOperationReaper)
[2017-04-12 22:29:19,412] INFO [Kafka Request Handler on Broker 2], shut down completely (kafka.server.KafkaRequestHandlerPool)
[2017-04-12 22:29:19,419] INFO [ThrottledRequestReaper-Fetch], Shutting down (kafka.server.ClientQuotaManager$ThrottledRequestReaper)
[2017-04-12 22:29:19,549] INFO [ExpirationReaper-0], Stopped  (kafka.server.DelayedOperationPurgatory$ExpiredOperationReaper)
[2017-04-12 22:29:19,549] INFO [ExpirationReaper-0], Shutdown completed (kafka.server.DelayedOperationPurgatory$ExpiredOperationReaper)
[2017-04-12 22:29:19,551] INFO [ExpirationReaper-0], Shutting down (kafka.server.DelayedOperationPurgatory$ExpiredOperationReaper)
[2017-04-12 22:29:19,556] INFO [ExpirationReaper-1], Stopped  (kafka.server.DelayedOperationPurgatory$ExpiredOperationReaper)
[2017-04-12 22:29:19,556] INFO [ExpirationReaper-1], Shutdown completed (kafka.server.DelayedOperationPurgatory$ExpiredOperationReaper)
[2017-04-12 22:29:19,557] INFO [ExpirationReaper-1], Shutting down (kafka.server.DelayedOperationPurgatory$ExpiredOperationReaper)
[2017-04-12 22:29:19,744] INFO [ExpirationReaper-0], Stopped  (kafka.server.DelayedOperationPurgatory$ExpiredOperationReaper)
[2017-04-12 22:29:19,744] INFO [ExpirationReaper-0], Shutdown completed (kafka.server.DelayedOperationPurgatory$ExpiredOperationReaper)
[2017-04-12 22:29:19,752] INFO [Replica Manager on Broker 0]: Shut down completely (kafka.server.ReplicaManager)
[2017-04-12 22:29:19,753] INFO [ExpirationReaper-0], Shutting down (kafka.server.DelayedOperationPurgatory$ExpiredOperationReaper)
[2017-04-12 22:29:19,756] INFO [ExpirationReaper-1], Stopped  (kafka.server.DelayedOperationPurgatory$ExpiredOperationReaper)
[2017-04-12 22:29:19,756] INFO [ExpirationReaper-1], Shutdown completed (kafka.server.DelayedOperationPurgatory$ExpiredOperationReaper)
[2017-04-12 22:29:19,762] INFO [Replica Manager on Broker 1]: Shut down completely (kafka.server.ReplicaManager)
[2017-04-12 22:29:19,764] INFO [ExpirationReaper-1], Shutting down (kafka.server.DelayedOperationPurgatory$ExpiredOperationReaper)
[2017-04-12 22:29:19,901] INFO [ExpirationReaper-0], Stopped  (kafka.server.DelayedOperationPurgatory$ExpiredOperationReaper)
[2017-04-12 22:29:19,901] INFO [ExpirationReaper-0], Shutdown completed (kafka.server.DelayedOperationPurgatory$ExpiredOperationReaper)
[2017-04-12 22:29:19,905] INFO [GroupCoordinator 0]: Shutting down. (kafka.coordinator.GroupCoordinator)
[2017-04-12 22:29:19,905] INFO [ExpirationReaper-0], Shutting down (kafka.server.DelayedOperationPurgatory$ExpiredOperationReaper)
[2017-04-12 22:29:19,907] INFO [ExpirationReaper-0], Stopped  (kafka.server.DelayedOperationPurgatory$ExpiredOperationReaper)
[2017-04-12 22:29:19,907] INFO [ExpirationReaper-0], Shutdown completed (kafka.server.DelayedOperationPurgatory$ExpiredOperationReaper)
[2017-04-12 22:29:19,908] INFO [ExpirationReaper-0], Shutting down (kafka.server.DelayedOperationPurgatory$ExpiredOperationReaper)
[2017-04-12 22:29:19,909] INFO [ExpirationReaper-0], Stopped  (kafka.server.DelayedOperationPurgatory$ExpiredOperationReaper)
[2017-04-12 22:29:19,910] INFO [ExpirationReaper-0], Shutdown completed (kafka.server.DelayedOperationPurgatory$ExpiredOperationReaper)
[2017-04-12 22:29:19,911] INFO [GroupCoordinator 0]: Shutdown complete. (kafka.coordinator.GroupCoordinator)
[2017-04-12 22:29:19,912] INFO Shutting down. (kafka.log.LogManager)
[2017-04-12 22:29:19,920] INFO [ExpirationReaper-1], Stopped  (kafka.server.DelayedOperationPurgatory$ExpiredOperationReaper)
[2017-04-12 22:29:19,920] INFO [ExpirationReaper-1], Shutdown completed (kafka.server.DelayedOperationPurgatory$ExpiredOperationReaper)
[2017-04-12 22:29:19,925] INFO [GroupCoordinator 1]: Shutting down. (kafka.coordinator.GroupCoordinator)
[2017-04-12 22:29:19,925] INFO [ExpirationReaper-1], Shutting down (kafka.server.DelayedOperationPurgatory$ExpiredOperationReaper)
[2017-04-12 22:29:19,927] INFO [ExpirationReaper-1], Stopped  (kafka.server.DelayedOperationPurgatory$ExpiredOperationReaper)
[2017-04-12 22:29:19,927] INFO [ExpirationReaper-1], Shutdown completed (kafka.server.DelayedOperationPurgatory$ExpiredOperationReaper)
[2017-04-12 22:29:19,929] INFO [ExpirationReaper-1], Shutting down (kafka.server.DelayedOperationPurgatory$ExpiredOperationReaper)
[2017-04-12 22:29:19,929] INFO Shutdown complete. (kafka.log.LogManager)
[2017-04-12 22:29:19,929] INFO [ExpirationReaper-1], Stopped  (kafka.server.DelayedOperationPurgatory$ExpiredOperationReaper)
[2017-04-12 22:29:19,930] INFO [ExpirationReaper-1], Shutdown completed (kafka.server.DelayedOperationPurgatory$ExpiredOperationReaper)
[2017-04-12 22:29:19,932] INFO [GroupCoordinator 1]: Shutdown complete. (kafka.coordinator.GroupCoordinator)
[2017-04-12 22:29:19,933] INFO Shutting down. (kafka.log.LogManager)
[2017-04-12 22:29:19,951] INFO Shutdown complete. (kafka.log.LogManager)
[2017-04-12 22:29:19,959] INFO [Kafka Server 0], shut down completed (kafka.server.KafkaServer)
[2017-04-12 22:29:19,961] FATAL Fatal error during KafkaServerStartable startup. Prepare to shutdown (kafka.server.KafkaServerStartable)
java.lang.RuntimeException: A broker is already registered on the path /brokers/ids/0. This probably indicates that you either have configured a brokerid that is already in use, or else you have shutdown this broker and restarted it faster than the zookeeper timeout so it appears to be re-registering.
	at kafka.utils.ZkUtils.registerBrokerInZk(ZkUtils.scala:378)
	at kafka.utils.ZkUtils.registerBrokerInZk(ZkUtils.scala:361)
	at kafka.server.KafkaHealthcheck.register(KafkaHealthcheck.scala:72)
	at kafka.server.KafkaHealthcheck.startup(KafkaHealthcheck.scala:51)
	at kafka.server.KafkaServer.startup(KafkaServer.scala:269)
	at kafka.server.KafkaServerStartable.startup(KafkaServerStartable.scala:39)
	at kafka.Kafka$.main(Kafka.scala:67)
	at kafka.Kafka.main(Kafka.scala)
[2017-04-12 22:29:19,963] INFO [Kafka Server 0], shutting down (kafka.server.KafkaServer)
[2017-04-12 22:29:19,988] INFO [Kafka Server 1], shut down completed (kafka.server.KafkaServer)
[2017-04-12 22:29:19,989] FATAL Fatal error during KafkaServerStartable startup. Prepare to shutdown (kafka.server.KafkaServerStartable)
java.lang.RuntimeException: A broker is already registered on the path /brokers/ids/1. This probably indicates that you either have configured a brokerid that is already in use, or else you have shutdown this broker and restarted it faster than the zookeeper timeout so it appears to be re-registering.
	at kafka.utils.ZkUtils.registerBrokerInZk(ZkUtils.scala:378)
	at kafka.utils.ZkUtils.registerBrokerInZk(ZkUtils.scala:361)
	at kafka.server.KafkaHealthcheck.register(KafkaHealthcheck.scala:72)
	at kafka.server.KafkaHealthcheck.startup(KafkaHealthcheck.scala:51)
	at kafka.server.KafkaServer.startup(KafkaServer.scala:269)
	at kafka.server.KafkaServerStartable.startup(KafkaServerStartable.scala:39)
	at kafka.Kafka$.main(Kafka.scala:67)
	at kafka.Kafka.main(Kafka.scala)
[2017-04-12 22:29:19,992] INFO [Kafka Server 1], shutting down (kafka.server.KafkaServer)
[2017-04-12 22:29:20,358] INFO [ThrottledRequestReaper-Fetch], Stopped  (kafka.server.ClientQuotaManager$ThrottledRequestReaper)
[2017-04-12 22:29:20,358] INFO [ThrottledRequestReaper-Fetch], Shutdown completed (kafka.server.ClientQuotaManager$ThrottledRequestReaper)
[2017-04-12 22:29:20,363] INFO [ThrottledRequestReaper-Produce], Shutting down (kafka.server.ClientQuotaManager$ThrottledRequestReaper)
[2017-04-12 22:29:21,360] INFO [ThrottledRequestReaper-Produce], Stopped  (kafka.server.ClientQuotaManager$ThrottledRequestReaper)
[2017-04-12 22:29:21,360] INFO [ThrottledRequestReaper-Produce], Shutdown completed (kafka.server.ClientQuotaManager$ThrottledRequestReaper)
[2017-04-12 22:29:21,362] INFO [KafkaApi-2] Shutdown complete. (kafka.server.KafkaApis)
[2017-04-12 22:29:21,365] INFO [Replica Manager on Broker 2]: Shutting down (kafka.server.ReplicaManager)
[2017-04-12 22:29:21,366] INFO [ReplicaFetcherManager on broker 2] shutting down (kafka.server.ReplicaFetcherManager)
[2017-04-12 22:29:21,368] INFO [ReplicaFetcherManager on broker 2] shutdown completed (kafka.server.ReplicaFetcherManager)
[2017-04-12 22:29:21,369] INFO [ExpirationReaper-2], Shutting down (kafka.server.DelayedOperationPurgatory$ExpiredOperationReaper)
[2017-04-12 22:29:21,375] INFO [ExpirationReaper-2], Stopped  (kafka.server.DelayedOperationPurgatory$ExpiredOperationReaper)
[2017-04-12 22:29:21,375] INFO [ExpirationReaper-2], Shutdown completed (kafka.server.DelayedOperationPurgatory$ExpiredOperationReaper)
[2017-04-12 22:29:21,376] INFO [ExpirationReaper-2], Shutting down (kafka.server.DelayedOperationPurgatory$ExpiredOperationReaper)
[2017-04-12 22:29:21,576] INFO [ExpirationReaper-2], Stopped  (kafka.server.DelayedOperationPurgatory$ExpiredOperationReaper)
[2017-04-12 22:29:21,576] INFO [ExpirationReaper-2], Shutdown completed (kafka.server.DelayedOperationPurgatory$ExpiredOperationReaper)
[2017-04-12 22:29:21,584] INFO [Replica Manager on Broker 2]: Shut down completely (kafka.server.ReplicaManager)
[2017-04-12 22:29:21,585] INFO [ExpirationReaper-2], Shutting down (kafka.server.DelayedOperationPurgatory$ExpiredOperationReaper)
[2017-04-12 22:29:21,771] INFO [ExpirationReaper-2], Stopped  (kafka.server.DelayedOperationPurgatory$ExpiredOperationReaper)
[2017-04-12 22:29:21,771] INFO [ExpirationReaper-2], Shutdown completed (kafka.server.DelayedOperationPurgatory$ExpiredOperationReaper)
[2017-04-12 22:29:21,774] INFO [GroupCoordinator 2]: Shutting down. (kafka.coordinator.GroupCoordinator)
[2017-04-12 22:29:21,775] INFO [ExpirationReaper-2], Shutting down (kafka.server.DelayedOperationPurgatory$ExpiredOperationReaper)
[2017-04-12 22:29:21,779] INFO [ExpirationReaper-2], Stopped  (kafka.server.DelayedOperationPurgatory$ExpiredOperationReaper)
[2017-04-12 22:29:21,779] INFO [ExpirationReaper-2], Shutdown completed (kafka.server.DelayedOperationPurgatory$ExpiredOperationReaper)
[2017-04-12 22:29:21,780] INFO [ExpirationReaper-2], Shutting down (kafka.server.DelayedOperationPurgatory$ExpiredOperationReaper)
[2017-04-12 22:29:21,782] INFO [ExpirationReaper-2], Stopped  (kafka.server.DelayedOperationPurgatory$ExpiredOperationReaper)
[2017-04-12 22:29:21,782] INFO [ExpirationReaper-2], Shutdown completed (kafka.server.DelayedOperationPurgatory$ExpiredOperationReaper)
[2017-04-12 22:29:21,784] INFO [GroupCoordinator 2]: Shutdown complete. (kafka.coordinator.GroupCoordinator)
[2017-04-12 22:29:21,785] INFO Shutting down. (kafka.log.LogManager)
[2017-04-12 22:29:21,797] INFO Shutdown complete. (kafka.log.LogManager)
[2017-04-12 22:29:21,832] INFO [Kafka Server 2], shut down completed (kafka.server.KafkaServer)
[2017-04-12 22:29:21,834] FATAL Fatal error during KafkaServerStartable startup. Prepare to shutdown (kafka.server.KafkaServerStartable)
java.lang.RuntimeException: A broker is already registered on the path /brokers/ids/2. This probably indicates that you either have configured a brokerid that is already in use, or else you have shutdown this broker and restarted it faster than the zookeeper timeout so it appears to be re-registering.
	at kafka.utils.ZkUtils.registerBrokerInZk(ZkUtils.scala:378)
	at kafka.utils.ZkUtils.registerBrokerInZk(ZkUtils.scala:361)
	at kafka.server.KafkaHealthcheck.register(KafkaHealthcheck.scala:72)
	at kafka.server.KafkaHealthcheck.startup(KafkaHealthcheck.scala:51)
	at kafka.server.KafkaServer.startup(KafkaServer.scala:269)
	at kafka.server.KafkaServerStartable.startup(KafkaServerStartable.scala:39)
	at kafka.Kafka$.main(Kafka.scala:67)
	at kafka.Kafka.main(Kafka.scala)
[2017-04-12 22:29:21,837] INFO [Kafka Server 2], shutting down (kafka.server.KafkaServer)
[2017-04-12 22:32:07,222] INFO KafkaConfig values: 
	advertised.host.name = null
	advertised.listeners = null
	advertised.port = null
	authorizer.class.name = 
	auto.create.topics.enable = true
	auto.leader.rebalance.enable = true
	background.threads = 10
	broker.id = 0
	broker.id.generation.enable = true
	broker.rack = null
	compression.type = producer
	connections.max.idle.ms = 600000
	controlled.shutdown.enable = true
	controlled.shutdown.max.retries = 3
	controlled.shutdown.retry.backoff.ms = 5000
	controller.socket.timeout.ms = 30000
	create.topic.policy.class.name = null
	default.replication.factor = 1
	delete.topic.enable = false
	fetch.purgatory.purge.interval.requests = 1000
	group.max.session.timeout.ms = 300000
	group.min.session.timeout.ms = 6000
	host.name = 
	inter.broker.listener.name = null
	inter.broker.protocol.version = 0.10.2-IV0
	leader.imbalance.check.interval.seconds = 300
	leader.imbalance.per.broker.percentage = 10
	listener.security.protocol.map = SSL:SSL,SASL_PLAINTEXT:SASL_PLAINTEXT,TRACE:TRACE,SASL_SSL:SASL_SSL,PLAINTEXT:PLAINTEXT
	listeners = null
	log.cleaner.backoff.ms = 15000
	log.cleaner.dedupe.buffer.size = 134217728
	log.cleaner.delete.retention.ms = 86400000
	log.cleaner.enable = true
	log.cleaner.io.buffer.load.factor = 0.9
	log.cleaner.io.buffer.size = 524288
	log.cleaner.io.max.bytes.per.second = 1.7976931348623157E308
	log.cleaner.min.cleanable.ratio = 0.5
	log.cleaner.min.compaction.lag.ms = 0
	log.cleaner.threads = 1
	log.cleanup.policy = [delete]
	log.dir = /tmp/kafka-logs
	log.dirs = /tmp/kafka-logs
	log.flush.interval.messages = 9223372036854775807
	log.flush.interval.ms = null
	log.flush.offset.checkpoint.interval.ms = 60000
	log.flush.scheduler.interval.ms = 9223372036854775807
	log.index.interval.bytes = 4096
	log.index.size.max.bytes = 10485760
	log.message.format.version = 0.10.2-IV0
	log.message.timestamp.difference.max.ms = 9223372036854775807
	log.message.timestamp.type = CreateTime
	log.preallocate = false
	log.retention.bytes = -1
	log.retention.check.interval.ms = 300000
	log.retention.hours = 168
	log.retention.minutes = null
	log.retention.ms = null
	log.roll.hours = 168
	log.roll.jitter.hours = 0
	log.roll.jitter.ms = null
	log.roll.ms = null
	log.segment.bytes = 1073741824
	log.segment.delete.delay.ms = 60000
	max.connections.per.ip = 2147483647
	max.connections.per.ip.overrides = 
	message.max.bytes = 1000012
	metric.reporters = []
	metrics.num.samples = 2
	metrics.recording.level = INFO
	metrics.sample.window.ms = 30000
	min.insync.replicas = 1
	num.io.threads = 8
	num.network.threads = 3
	num.partitions = 1
	num.recovery.threads.per.data.dir = 1
	num.replica.fetchers = 1
	offset.metadata.max.bytes = 4096
	offsets.commit.required.acks = -1
	offsets.commit.timeout.ms = 5000
	offsets.load.buffer.size = 5242880
	offsets.retention.check.interval.ms = 600000
	offsets.retention.minutes = 1440
	offsets.topic.compression.codec = 0
	offsets.topic.num.partitions = 50
	offsets.topic.replication.factor = 3
	offsets.topic.segment.bytes = 104857600
	port = 9092
	principal.builder.class = class org.apache.kafka.common.security.auth.DefaultPrincipalBuilder
	producer.purgatory.purge.interval.requests = 1000
	queued.max.requests = 500
	quota.consumer.default = 9223372036854775807
	quota.producer.default = 9223372036854775807
	quota.window.num = 11
	quota.window.size.seconds = 1
	replica.fetch.backoff.ms = 1000
	replica.fetch.max.bytes = 1048576
	replica.fetch.min.bytes = 1
	replica.fetch.response.max.bytes = 10485760
	replica.fetch.wait.max.ms = 500
	replica.high.watermark.checkpoint.interval.ms = 5000
	replica.lag.time.max.ms = 10000
	replica.socket.receive.buffer.bytes = 65536
	replica.socket.timeout.ms = 30000
	replication.quota.window.num = 11
	replication.quota.window.size.seconds = 1
	request.timeout.ms = 30000
	reserved.broker.max.id = 1000
	sasl.enabled.mechanisms = [GSSAPI]
	sasl.kerberos.kinit.cmd = /usr/bin/kinit
	sasl.kerberos.min.time.before.relogin = 60000
	sasl.kerberos.principal.to.local.rules = [DEFAULT]
	sasl.kerberos.service.name = null
	sasl.kerberos.ticket.renew.jitter = 0.05
	sasl.kerberos.ticket.renew.window.factor = 0.8
	sasl.mechanism.inter.broker.protocol = GSSAPI
	security.inter.broker.protocol = PLAINTEXT
	socket.receive.buffer.bytes = 102400
	socket.request.max.bytes = 104857600
	socket.send.buffer.bytes = 102400
	ssl.cipher.suites = null
	ssl.client.auth = none
	ssl.enabled.protocols = [TLSv1.2, TLSv1.1, TLSv1]
	ssl.endpoint.identification.algorithm = null
	ssl.key.password = null
	ssl.keymanager.algorithm = SunX509
	ssl.keystore.location = null
	ssl.keystore.password = null
	ssl.keystore.type = JKS
	ssl.protocol = TLS
	ssl.provider = null
	ssl.secure.random.implementation = null
	ssl.trustmanager.algorithm = PKIX
	ssl.truststore.location = null
	ssl.truststore.password = null
	ssl.truststore.type = JKS
	unclean.leader.election.enable = true
	zookeeper.connect = 192.168.1.8:2181
	zookeeper.connection.timeout.ms = 6000
	zookeeper.session.timeout.ms = 6000
	zookeeper.set.acl = false
	zookeeper.sync.time.ms = 2000
 (kafka.server.KafkaConfig)
[2017-04-12 22:32:07,338] INFO starting (kafka.server.KafkaServer)
[2017-04-12 22:32:07,344] INFO Connecting to zookeeper on 192.168.1.8:2181 (kafka.server.KafkaServer)
[2017-04-12 22:32:07,954] INFO Cluster ID = PdVMkP3SQWCmhq74ENZOrA (kafka.server.KafkaServer)
[2017-04-12 22:32:07,959] WARN No meta.properties file under dir /tmp/kafka-logs/meta.properties (kafka.server.BrokerMetadataCheckpoint)
[2017-04-12 22:32:08,004] INFO [ThrottledRequestReaper-Fetch], Starting  (kafka.server.ClientQuotaManager$ThrottledRequestReaper)
[2017-04-12 22:32:08,007] INFO [ThrottledRequestReaper-Produce], Starting  (kafka.server.ClientQuotaManager$ThrottledRequestReaper)
[2017-04-12 22:32:08,087] INFO Log directory '/tmp/kafka-logs' not found, creating it. (kafka.log.LogManager)
[2017-04-12 22:32:08,103] INFO Loading logs. (kafka.log.LogManager)
[2017-04-12 22:32:08,118] INFO Logs loading complete in 14 ms. (kafka.log.LogManager)
[2017-04-12 22:32:08,197] INFO Starting log cleanup with a period of 300000 ms. (kafka.log.LogManager)
[2017-04-12 22:32:08,206] INFO Starting log flusher with a default period of 9223372036854775807 ms. (kafka.log.LogManager)
[2017-04-12 22:32:08,278] INFO Awaiting socket connections on 0.0.0.0:9092. (kafka.network.Acceptor)
[2017-04-12 22:32:08,283] INFO [Socket Server on Broker 0], Started 1 acceptor threads (kafka.network.SocketServer)
[2017-04-12 22:32:08,320] INFO [ExpirationReaper-0], Starting  (kafka.server.DelayedOperationPurgatory$ExpiredOperationReaper)
[2017-04-12 22:32:08,322] INFO [ExpirationReaper-0], Starting  (kafka.server.DelayedOperationPurgatory$ExpiredOperationReaper)
[2017-04-12 22:32:08,392] INFO Creating /controller (is it secure? false) (kafka.utils.ZKCheckedEphemeral)
[2017-04-12 22:32:08,412] INFO Result of znode creation is: OK (kafka.utils.ZKCheckedEphemeral)
[2017-04-12 22:32:08,413] INFO 0 successfully elected as leader (kafka.server.ZookeeperLeaderElector)
[2017-04-12 22:32:08,650] INFO [ExpirationReaper-0], Starting  (kafka.server.DelayedOperationPurgatory$ExpiredOperationReaper)
[2017-04-12 22:32:08,658] INFO [ExpirationReaper-0], Starting  (kafka.server.DelayedOperationPurgatory$ExpiredOperationReaper)
[2017-04-12 22:32:08,660] INFO [ExpirationReaper-0], Starting  (kafka.server.DelayedOperationPurgatory$ExpiredOperationReaper)
[2017-04-12 22:32:08,683] INFO [GroupCoordinator 0]: Starting up. (kafka.coordinator.GroupCoordinator)
[2017-04-12 22:32:08,686] INFO [GroupCoordinator 0]: Startup complete. (kafka.coordinator.GroupCoordinator)
[2017-04-12 22:32:08,694] INFO [Group Metadata Manager on Broker 0]: Removed 0 expired offsets in 8 milliseconds. (kafka.coordinator.GroupMetadataManager)
[2017-04-12 22:32:08,725] INFO Will not load MX4J, mx4j-tools.jar is not in the classpath (kafka.utils.Mx4jLoader$)
[2017-04-12 22:32:08,781] INFO Creating /brokers/ids/0 (is it secure? false) (kafka.utils.ZKCheckedEphemeral)
[2017-04-12 22:32:08,788] INFO New leader is 0 (kafka.server.ZookeeperLeaderElector$LeaderChangeListener)
[2017-04-12 22:32:08,842] INFO Result of znode creation is: OK (kafka.utils.ZKCheckedEphemeral)
[2017-04-12 22:32:08,847] INFO Registered broker 0 at path /brokers/ids/0 with addresses: EndPoint(2ae3fad2f9f8,9092,ListenerName(PLAINTEXT),PLAINTEXT) (kafka.utils.ZkUtils)
[2017-04-12 22:32:08,849] WARN No meta.properties file under dir /tmp/kafka-logs/meta.properties (kafka.server.BrokerMetadataCheckpoint)
[2017-04-12 22:32:08,907] INFO [Kafka Server 0], started (kafka.server.KafkaServer)
[2017-04-12 22:32:18,902] INFO KafkaConfig values: 
	advertised.host.name = null
	advertised.listeners = null
	advertised.port = null
	authorizer.class.name = 
	auto.create.topics.enable = true
	auto.leader.rebalance.enable = true
	background.threads = 10
	broker.id = 1
	broker.id.generation.enable = true
	broker.rack = null
	compression.type = producer
	connections.max.idle.ms = 600000
	controlled.shutdown.enable = true
	controlled.shutdown.max.retries = 3
	controlled.shutdown.retry.backoff.ms = 5000
	controller.socket.timeout.ms = 30000
	create.topic.policy.class.name = null
	default.replication.factor = 1
	delete.topic.enable = false
	fetch.purgatory.purge.interval.requests = 1000
	group.max.session.timeout.ms = 300000
	group.min.session.timeout.ms = 6000
	host.name = 
	inter.broker.listener.name = null
	inter.broker.protocol.version = 0.10.2-IV0
	leader.imbalance.check.interval.seconds = 300
	leader.imbalance.per.broker.percentage = 10
	listener.security.protocol.map = SSL:SSL,SASL_PLAINTEXT:SASL_PLAINTEXT,TRACE:TRACE,SASL_SSL:SASL_SSL,PLAINTEXT:PLAINTEXT
	listeners = PLAINTEXT://:9093
	log.cleaner.backoff.ms = 15000
	log.cleaner.dedupe.buffer.size = 134217728
	log.cleaner.delete.retention.ms = 86400000
	log.cleaner.enable = true
	log.cleaner.io.buffer.load.factor = 0.9
	log.cleaner.io.buffer.size = 524288
	log.cleaner.io.max.bytes.per.second = 1.7976931348623157E308
	log.cleaner.min.cleanable.ratio = 0.5
	log.cleaner.min.compaction.lag.ms = 0
	log.cleaner.threads = 1
	log.cleanup.policy = [delete]
	log.dir = /tmp/kafka-logs
	log.dirs = /tmp/kafka-logs-1
	log.flush.interval.messages = 9223372036854775807
	log.flush.interval.ms = null
	log.flush.offset.checkpoint.interval.ms = 60000
	log.flush.scheduler.interval.ms = 9223372036854775807
	log.index.interval.bytes = 4096
	log.index.size.max.bytes = 10485760
	log.message.format.version = 0.10.2-IV0
	log.message.timestamp.difference.max.ms = 9223372036854775807
	log.message.timestamp.type = CreateTime
	log.preallocate = false
	log.retention.bytes = -1
	log.retention.check.interval.ms = 300000
	log.retention.hours = 168
	log.retention.minutes = null
	log.retention.ms = null
	log.roll.hours = 168
	log.roll.jitter.hours = 0
	log.roll.jitter.ms = null
	log.roll.ms = null
	log.segment.bytes = 1073741824
	log.segment.delete.delay.ms = 60000
	max.connections.per.ip = 2147483647
	max.connections.per.ip.overrides = 
	message.max.bytes = 1000012
	metric.reporters = []
	metrics.num.samples = 2
	metrics.recording.level = INFO
	metrics.sample.window.ms = 30000
	min.insync.replicas = 1
	num.io.threads = 8
	num.network.threads = 3
	num.partitions = 1
	num.recovery.threads.per.data.dir = 1
	num.replica.fetchers = 1
	offset.metadata.max.bytes = 4096
	offsets.commit.required.acks = -1
	offsets.commit.timeout.ms = 5000
	offsets.load.buffer.size = 5242880
	offsets.retention.check.interval.ms = 600000
	offsets.retention.minutes = 1440
	offsets.topic.compression.codec = 0
	offsets.topic.num.partitions = 50
	offsets.topic.replication.factor = 3
	offsets.topic.segment.bytes = 104857600
	port = 9092
	principal.builder.class = class org.apache.kafka.common.security.auth.DefaultPrincipalBuilder
	producer.purgatory.purge.interval.requests = 1000
	queued.max.requests = 500
	quota.consumer.default = 9223372036854775807
	quota.producer.default = 9223372036854775807
	quota.window.num = 11
	quota.window.size.seconds = 1
	replica.fetch.backoff.ms = 1000
	replica.fetch.max.bytes = 1048576
	replica.fetch.min.bytes = 1
	replica.fetch.response.max.bytes = 10485760
	replica.fetch.wait.max.ms = 500
	replica.high.watermark.checkpoint.interval.ms = 5000
	replica.lag.time.max.ms = 10000
	replica.socket.receive.buffer.bytes = 65536
	replica.socket.timeout.ms = 30000
	replication.quota.window.num = 11
	replication.quota.window.size.seconds = 1
	request.timeout.ms = 30000
	reserved.broker.max.id = 1000
	sasl.enabled.mechanisms = [GSSAPI]
	sasl.kerberos.kinit.cmd = /usr/bin/kinit
	sasl.kerberos.min.time.before.relogin = 60000
	sasl.kerberos.principal.to.local.rules = [DEFAULT]
	sasl.kerberos.service.name = null
	sasl.kerberos.ticket.renew.jitter = 0.05
	sasl.kerberos.ticket.renew.window.factor = 0.8
	sasl.mechanism.inter.broker.protocol = GSSAPI
	security.inter.broker.protocol = PLAINTEXT
	socket.receive.buffer.bytes = 102400
	socket.request.max.bytes = 104857600
	socket.send.buffer.bytes = 102400
	ssl.cipher.suites = null
	ssl.client.auth = none
	ssl.enabled.protocols = [TLSv1.2, TLSv1.1, TLSv1]
	ssl.endpoint.identification.algorithm = null
	ssl.key.password = null
	ssl.keymanager.algorithm = SunX509
	ssl.keystore.location = null
	ssl.keystore.password = null
	ssl.keystore.type = JKS
	ssl.protocol = TLS
	ssl.provider = null
	ssl.secure.random.implementation = null
	ssl.trustmanager.algorithm = PKIX
	ssl.truststore.location = null
	ssl.truststore.password = null
	ssl.truststore.type = JKS
	unclean.leader.election.enable = true
	zookeeper.connect = 192.168.1.8:2181
	zookeeper.connection.timeout.ms = 6000
	zookeeper.session.timeout.ms = 6000
	zookeeper.set.acl = false
	zookeeper.sync.time.ms = 2000
 (kafka.server.KafkaConfig)
[2017-04-12 22:32:19,018] INFO starting (kafka.server.KafkaServer)
[2017-04-12 22:32:19,024] INFO Connecting to zookeeper on 192.168.1.8:2181 (kafka.server.KafkaServer)
[2017-04-12 22:32:19,376] INFO Cluster ID = PdVMkP3SQWCmhq74ENZOrA (kafka.server.KafkaServer)
[2017-04-12 22:32:19,381] WARN No meta.properties file under dir /tmp/kafka-logs-1/meta.properties (kafka.server.BrokerMetadataCheckpoint)
[2017-04-12 22:32:19,439] INFO [ThrottledRequestReaper-Fetch], Starting  (kafka.server.ClientQuotaManager$ThrottledRequestReaper)
[2017-04-12 22:32:19,441] INFO [ThrottledRequestReaper-Produce], Starting  (kafka.server.ClientQuotaManager$ThrottledRequestReaper)
[2017-04-12 22:32:19,499] INFO Log directory '/tmp/kafka-logs-1' not found, creating it. (kafka.log.LogManager)
[2017-04-12 22:32:19,513] INFO Loading logs. (kafka.log.LogManager)
[2017-04-12 22:32:19,526] INFO Logs loading complete in 12 ms. (kafka.log.LogManager)
[2017-04-12 22:32:19,596] INFO Starting log cleanup with a period of 300000 ms. (kafka.log.LogManager)
[2017-04-12 22:32:19,604] INFO Starting log flusher with a default period of 9223372036854775807 ms. (kafka.log.LogManager)
[2017-04-12 22:32:19,672] INFO Awaiting socket connections on 0.0.0.0:9093. (kafka.network.Acceptor)
[2017-04-12 22:32:19,676] INFO [Socket Server on Broker 1], Started 1 acceptor threads (kafka.network.SocketServer)
[2017-04-12 22:32:19,712] INFO [ExpirationReaper-1], Starting  (kafka.server.DelayedOperationPurgatory$ExpiredOperationReaper)
[2017-04-12 22:32:19,713] INFO [ExpirationReaper-1], Starting  (kafka.server.DelayedOperationPurgatory$ExpiredOperationReaper)
[2017-04-12 22:32:19,819] INFO [ExpirationReaper-1], Starting  (kafka.server.DelayedOperationPurgatory$ExpiredOperationReaper)
[2017-04-12 22:32:19,824] INFO [ExpirationReaper-1], Starting  (kafka.server.DelayedOperationPurgatory$ExpiredOperationReaper)
[2017-04-12 22:32:19,826] INFO [ExpirationReaper-1], Starting  (kafka.server.DelayedOperationPurgatory$ExpiredOperationReaper)
[2017-04-12 22:32:19,856] INFO [GroupCoordinator 1]: Starting up. (kafka.coordinator.GroupCoordinator)
[2017-04-12 22:32:19,858] INFO [GroupCoordinator 1]: Startup complete. (kafka.coordinator.GroupCoordinator)
[2017-04-12 22:32:19,867] INFO [Group Metadata Manager on Broker 1]: Removed 0 expired offsets in 9 milliseconds. (kafka.coordinator.GroupMetadataManager)
[2017-04-12 22:32:19,898] INFO Will not load MX4J, mx4j-tools.jar is not in the classpath (kafka.utils.Mx4jLoader$)
[2017-04-12 22:32:19,945] INFO Creating /brokers/ids/1 (is it secure? false) (kafka.utils.ZKCheckedEphemeral)
[2017-04-12 22:32:20,014] INFO Result of znode creation is: OK (kafka.utils.ZKCheckedEphemeral)
[2017-04-12 22:32:20,017] INFO Registered broker 1 at path /brokers/ids/1 with addresses: EndPoint(4ad93fcf7b2f,9093,ListenerName(PLAINTEXT),PLAINTEXT) (kafka.utils.ZkUtils)
[2017-04-12 22:32:20,019] WARN No meta.properties file under dir /tmp/kafka-logs-1/meta.properties (kafka.server.BrokerMetadataCheckpoint)
[2017-04-12 22:32:20,099] INFO [Kafka Server 1], started (kafka.server.KafkaServer)
[2017-04-12 22:32:27,454] INFO KafkaConfig values: 
	advertised.host.name = null
	advertised.listeners = null
	advertised.port = null
	authorizer.class.name = 
	auto.create.topics.enable = true
	auto.leader.rebalance.enable = true
	background.threads = 10
	broker.id = 2
	broker.id.generation.enable = true
	broker.rack = null
	compression.type = producer
	connections.max.idle.ms = 600000
	controlled.shutdown.enable = true
	controlled.shutdown.max.retries = 3
	controlled.shutdown.retry.backoff.ms = 5000
	controller.socket.timeout.ms = 30000
	create.topic.policy.class.name = null
	default.replication.factor = 1
	delete.topic.enable = false
	fetch.purgatory.purge.interval.requests = 1000
	group.max.session.timeout.ms = 300000
	group.min.session.timeout.ms = 6000
	host.name = 
	inter.broker.listener.name = null
	inter.broker.protocol.version = 0.10.2-IV0
	leader.imbalance.check.interval.seconds = 300
	leader.imbalance.per.broker.percentage = 10
	listener.security.protocol.map = SSL:SSL,SASL_PLAINTEXT:SASL_PLAINTEXT,TRACE:TRACE,SASL_SSL:SASL_SSL,PLAINTEXT:PLAINTEXT
	listeners = PLAINTEXT://:9094
	log.cleaner.backoff.ms = 15000
	log.cleaner.dedupe.buffer.size = 134217728
	log.cleaner.delete.retention.ms = 86400000
	log.cleaner.enable = true
	log.cleaner.io.buffer.load.factor = 0.9
	log.cleaner.io.buffer.size = 524288
	log.cleaner.io.max.bytes.per.second = 1.7976931348623157E308
	log.cleaner.min.cleanable.ratio = 0.5
	log.cleaner.min.compaction.lag.ms = 0
	log.cleaner.threads = 1
	log.cleanup.policy = [delete]
	log.dir = /tmp/kafka-logs
	log.dirs = /tmp/kafka-logs-2
	log.flush.interval.messages = 9223372036854775807
	log.flush.interval.ms = null
	log.flush.offset.checkpoint.interval.ms = 60000
	log.flush.scheduler.interval.ms = 9223372036854775807
	log.index.interval.bytes = 4096
	log.index.size.max.bytes = 10485760
	log.message.format.version = 0.10.2-IV0
	log.message.timestamp.difference.max.ms = 9223372036854775807
	log.message.timestamp.type = CreateTime
	log.preallocate = false
	log.retention.bytes = -1
	log.retention.check.interval.ms = 300000
	log.retention.hours = 168
	log.retention.minutes = null
	log.retention.ms = null
	log.roll.hours = 168
	log.roll.jitter.hours = 0
	log.roll.jitter.ms = null
	log.roll.ms = null
	log.segment.bytes = 1073741824
	log.segment.delete.delay.ms = 60000
	max.connections.per.ip = 2147483647
	max.connections.per.ip.overrides = 
	message.max.bytes = 1000012
	metric.reporters = []
	metrics.num.samples = 2
	metrics.recording.level = INFO
	metrics.sample.window.ms = 30000
	min.insync.replicas = 1
	num.io.threads = 8
	num.network.threads = 3
	num.partitions = 1
	num.recovery.threads.per.data.dir = 1
	num.replica.fetchers = 1
	offset.metadata.max.bytes = 4096
	offsets.commit.required.acks = -1
	offsets.commit.timeout.ms = 5000
	offsets.load.buffer.size = 5242880
	offsets.retention.check.interval.ms = 600000
	offsets.retention.minutes = 1440
	offsets.topic.compression.codec = 0
	offsets.topic.num.partitions = 50
	offsets.topic.replication.factor = 3
	offsets.topic.segment.bytes = 104857600
	port = 9092
	principal.builder.class = class org.apache.kafka.common.security.auth.DefaultPrincipalBuilder
	producer.purgatory.purge.interval.requests = 1000
	queued.max.requests = 500
	quota.consumer.default = 9223372036854775807
	quota.producer.default = 9223372036854775807
	quota.window.num = 11
	quota.window.size.seconds = 1
	replica.fetch.backoff.ms = 1000
	replica.fetch.max.bytes = 1048576
	replica.fetch.min.bytes = 1
	replica.fetch.response.max.bytes = 10485760
	replica.fetch.wait.max.ms = 500
	replica.high.watermark.checkpoint.interval.ms = 5000
	replica.lag.time.max.ms = 10000
	replica.socket.receive.buffer.bytes = 65536
	replica.socket.timeout.ms = 30000
	replication.quota.window.num = 11
	replication.quota.window.size.seconds = 1
	request.timeout.ms = 30000
	reserved.broker.max.id = 1000
	sasl.enabled.mechanisms = [GSSAPI]
	sasl.kerberos.kinit.cmd = /usr/bin/kinit
	sasl.kerberos.min.time.before.relogin = 60000
	sasl.kerberos.principal.to.local.rules = [DEFAULT]
	sasl.kerberos.service.name = null
	sasl.kerberos.ticket.renew.jitter = 0.05
	sasl.kerberos.ticket.renew.window.factor = 0.8
	sasl.mechanism.inter.broker.protocol = GSSAPI
	security.inter.broker.protocol = PLAINTEXT
	socket.receive.buffer.bytes = 102400
	socket.request.max.bytes = 104857600
	socket.send.buffer.bytes = 102400
	ssl.cipher.suites = null
	ssl.client.auth = none
	ssl.enabled.protocols = [TLSv1.2, TLSv1.1, TLSv1]
	ssl.endpoint.identification.algorithm = null
	ssl.key.password = null
	ssl.keymanager.algorithm = SunX509
	ssl.keystore.location = null
	ssl.keystore.password = null
	ssl.keystore.type = JKS
	ssl.protocol = TLS
	ssl.provider = null
	ssl.secure.random.implementation = null
	ssl.trustmanager.algorithm = PKIX
	ssl.truststore.location = null
	ssl.truststore.password = null
	ssl.truststore.type = JKS
	unclean.leader.election.enable = true
	zookeeper.connect = 192.168.1.8:2181
	zookeeper.connection.timeout.ms = 6000
	zookeeper.session.timeout.ms = 6000
	zookeeper.set.acl = false
	zookeeper.sync.time.ms = 2000
 (kafka.server.KafkaConfig)
[2017-04-12 22:32:27,566] INFO starting (kafka.server.KafkaServer)
[2017-04-12 22:32:27,570] INFO Connecting to zookeeper on 192.168.1.8:2181 (kafka.server.KafkaServer)
[2017-04-12 22:32:27,920] INFO Cluster ID = PdVMkP3SQWCmhq74ENZOrA (kafka.server.KafkaServer)
[2017-04-12 22:32:27,924] WARN No meta.properties file under dir /tmp/kafka-logs-2/meta.properties (kafka.server.BrokerMetadataCheckpoint)
[2017-04-12 22:32:27,988] INFO [ThrottledRequestReaper-Fetch], Starting  (kafka.server.ClientQuotaManager$ThrottledRequestReaper)
[2017-04-12 22:32:27,991] INFO [ThrottledRequestReaper-Produce], Starting  (kafka.server.ClientQuotaManager$ThrottledRequestReaper)
[2017-04-12 22:32:28,056] INFO Log directory '/tmp/kafka-logs-2' not found, creating it. (kafka.log.LogManager)
[2017-04-12 22:32:28,068] INFO Loading logs. (kafka.log.LogManager)
[2017-04-12 22:32:28,078] INFO Logs loading complete in 10 ms. (kafka.log.LogManager)
[2017-04-12 22:32:28,155] INFO Starting log cleanup with a period of 300000 ms. (kafka.log.LogManager)
[2017-04-12 22:32:28,161] INFO Starting log flusher with a default period of 9223372036854775807 ms. (kafka.log.LogManager)
[2017-04-12 22:32:28,233] INFO Awaiting socket connections on 0.0.0.0:9094. (kafka.network.Acceptor)
[2017-04-12 22:32:28,237] INFO [Socket Server on Broker 2], Started 1 acceptor threads (kafka.network.SocketServer)
[2017-04-12 22:32:28,274] INFO [ExpirationReaper-2], Starting  (kafka.server.DelayedOperationPurgatory$ExpiredOperationReaper)
[2017-04-12 22:32:28,275] INFO [ExpirationReaper-2], Starting  (kafka.server.DelayedOperationPurgatory$ExpiredOperationReaper)
[2017-04-12 22:32:28,381] INFO [ExpirationReaper-2], Starting  (kafka.server.DelayedOperationPurgatory$ExpiredOperationReaper)
[2017-04-12 22:32:28,389] INFO [ExpirationReaper-2], Starting  (kafka.server.DelayedOperationPurgatory$ExpiredOperationReaper)
[2017-04-12 22:32:28,390] INFO [ExpirationReaper-2], Starting  (kafka.server.DelayedOperationPurgatory$ExpiredOperationReaper)
[2017-04-12 22:32:28,423] INFO [GroupCoordinator 2]: Starting up. (kafka.coordinator.GroupCoordinator)
[2017-04-12 22:32:28,426] INFO [GroupCoordinator 2]: Startup complete. (kafka.coordinator.GroupCoordinator)
[2017-04-12 22:32:28,430] INFO [Group Metadata Manager on Broker 2]: Removed 0 expired offsets in 4 milliseconds. (kafka.coordinator.GroupMetadataManager)
[2017-04-12 22:32:28,470] INFO Will not load MX4J, mx4j-tools.jar is not in the classpath (kafka.utils.Mx4jLoader$)
[2017-04-12 22:32:28,521] INFO Creating /brokers/ids/2 (is it secure? false) (kafka.utils.ZKCheckedEphemeral)
[2017-04-12 22:32:28,594] INFO Result of znode creation is: OK (kafka.utils.ZKCheckedEphemeral)
[2017-04-12 22:32:28,611] INFO Registered broker 2 at path /brokers/ids/2 with addresses: EndPoint(efba00c01fb5,9094,ListenerName(PLAINTEXT),PLAINTEXT) (kafka.utils.ZkUtils)
[2017-04-12 22:32:28,614] WARN No meta.properties file under dir /tmp/kafka-logs-2/meta.properties (kafka.server.BrokerMetadataCheckpoint)
[2017-04-12 22:32:28,708] INFO [Kafka Server 2], started (kafka.server.KafkaServer)
[2017-04-12 22:37:37,389] INFO Topic creation {"version":1,"partitions":{"0":[0]}} (kafka.admin.AdminUtils$)
[2017-04-12 22:37:37,411] INFO [KafkaApi-0] Auto creation of topic topic1 with 1 partitions and replication factor 1 is successful (kafka.server.KafkaApis)
[2017-04-12 22:37:37,665] INFO [ReplicaFetcherManager on broker 0] Removed fetcher for partitions topic1-0 (kafka.server.ReplicaFetcherManager)
[2017-04-12 22:37:37,738] INFO Completed load of log topic1-0 with 1 log segments and log end offset 0 in 39 ms (kafka.log.Log)
[2017-04-12 22:37:37,742] INFO Created log for partition [topic1,0] in /tmp/kafka-logs with properties {compression.type -> producer, message.format.version -> 0.10.2-IV0, file.delete.delay.ms -> 60000, max.message.bytes -> 1000012, min.compaction.lag.ms -> 0, message.timestamp.type -> CreateTime, min.insync.replicas -> 1, segment.jitter.ms -> 0, preallocate -> false, min.cleanable.dirty.ratio -> 0.5, index.interval.bytes -> 4096, unclean.leader.election.enable -> true, retention.bytes -> -1, delete.retention.ms -> 86400000, cleanup.policy -> [delete], flush.ms -> 9223372036854775807, segment.ms -> 604800000, segment.bytes -> 1073741824, retention.ms -> 604800000, message.timestamp.difference.max.ms -> 9223372036854775807, segment.index.bytes -> 10485760, flush.messages -> 9223372036854775807}. (kafka.log.LogManager)
[2017-04-12 22:37:37,743] INFO Partition [topic1,0] on broker 0: No checkpointed highwatermark is found for partition topic1-0 (kafka.cluster.Partition)
