[2017-04-12 22:16:07,861] TRACE Controller 2 epoch 1 received response {error_code=0} for a request sent to broker b7399654f7b5:9094 (id: 2 rack: null) (state.change.logger)
[2017-04-12 22:16:07,921] TRACE Controller 2 epoch 1 received response {error_code=0} for a request sent to broker 04d7175d70f8:9092 (id: 0 rack: null) (state.change.logger)
[2017-04-12 22:16:07,966] TRACE Controller 2 epoch 1 received response {error_code=0} for a request sent to broker a5d84caa8a0b:9093 (id: 1 rack: null) (state.change.logger)
[2017-04-12 22:16:08,072] TRACE Controller 2 epoch 1 received response {error_code=0} for a request sent to broker b7399654f7b5:9094 (id: 2 rack: null) (state.change.logger)
[2017-04-12 22:16:08,103] TRACE Controller 2 epoch 1 received response {error_code=0} for a request sent to broker 04d7175d70f8:9092 (id: 0 rack: null) (state.change.logger)
[2017-04-12 22:29:16,486] DEBUG preRegister called. Server=com.sun.jmx.mbeanserver.JmxMBeanServer@66d3c617, name=log4j:logger=state.change.logger (state.change.logger)
[2017-04-12 22:31:33,745] DEBUG preRegister called. Server=com.sun.jmx.mbeanserver.JmxMBeanServer@66d3c617, name=log4j:logger=state.change.logger (state.change.logger)
[2017-04-12 22:32:09,023] TRACE Controller 0 epoch 1 received response {error_code=0} for a request sent to broker 2ae3fad2f9f8:9092 (id: 0 rack: null) (state.change.logger)
[2017-04-12 22:32:20,061] TRACE Controller 0 epoch 1 received response {error_code=0} for a request sent to broker 2ae3fad2f9f8:9092 (id: 0 rack: null) (state.change.logger)
[2017-04-12 22:32:20,192] TRACE Controller 0 epoch 1 received response {error_code=0} for a request sent to broker 4ad93fcf7b2f:9093 (id: 1 rack: null) (state.change.logger)
[2017-04-12 22:32:28,585] TRACE Controller 0 epoch 1 received response {error_code=0} for a request sent to broker 4ad93fcf7b2f:9093 (id: 1 rack: null) (state.change.logger)
[2017-04-12 22:32:28,585] TRACE Controller 0 epoch 1 received response {error_code=0} for a request sent to broker 2ae3fad2f9f8:9092 (id: 0 rack: null) (state.change.logger)
[2017-04-12 22:32:28,733] TRACE Controller 0 epoch 1 received response {error_code=0} for a request sent to broker efba00c01fb5:9094 (id: 2 rack: null) (state.change.logger)
[2017-04-12 22:37:37,486] TRACE Controller 0 epoch 1 changed partition [topic1,0] state from NonExistentPartition to NewPartition with assigned replicas 0 (state.change.logger)
[2017-04-12 22:37:37,500] TRACE Controller 0 epoch 1 changed state of replica 0 for partition [topic1,0] from NonExistentReplica to NewReplica (state.change.logger)
[2017-04-12 22:37:37,614] TRACE Controller 0 epoch 1 changed partition [topic1,0] from NewPartition to OnlinePartition with leader 0 (state.change.logger)
[2017-04-12 22:37:37,623] TRACE Controller 0 epoch 1 sending become-leader LeaderAndIsr request (Leader:0,ISR:0,LeaderEpoch:0,ControllerEpoch:1) to broker 0 for partition [topic1,0] (state.change.logger)
[2017-04-12 22:37:37,629] TRACE Controller 0 epoch 1 sending UpdateMetadata request (Leader:0,ISR:0,LeaderEpoch:0,ControllerEpoch:1) to brokers Set(0, 1, 2) for partition topic1-0 (state.change.logger)
[2017-04-12 22:37:37,630] TRACE Broker 0 received LeaderAndIsr request PartitionState(controllerEpoch=1, leader=0, leaderEpoch=0, isr=[0], zkVersion=0, replicas=[0]) correlation id 3 from controller 0 epoch 1 for partition [topic1,0] (state.change.logger)
[2017-04-12 22:37:37,645] TRACE Controller 0 epoch 1 changed state of replica 0 for partition [topic1,0] from NewReplica to OnlineReplica (state.change.logger)
[2017-04-12 22:37:37,651] TRACE Broker 0 handling LeaderAndIsr request correlationId 3 from controller 0 epoch 1 starting the become-leader transition for partition topic1-0 (state.change.logger)
[2017-04-12 22:37:37,655] TRACE Broker 1 cached leader info (LeaderAndIsrInfo:(Leader:0,ISR:0,LeaderEpoch:0,ControllerEpoch:1),ReplicationFactor:1),AllReplicas:0) for partition topic1-0 in response to UpdateMetadata request sent by controller 0 epoch 1 with correlation id 2 (state.change.logger)
[2017-04-12 22:37:37,657] TRACE Broker 2 cached leader info (LeaderAndIsrInfo:(Leader:0,ISR:0,LeaderEpoch:0,ControllerEpoch:1),ReplicationFactor:1),AllReplicas:0) for partition topic1-0 in response to UpdateMetadata request sent by controller 0 epoch 1 with correlation id 1 (state.change.logger)
[2017-04-12 22:37:37,668] TRACE Controller 0 epoch 1 received response {error_code=0} for a request sent to broker efba00c01fb5:9094 (id: 2 rack: null) (state.change.logger)
[2017-04-12 22:37:37,670] TRACE Controller 0 epoch 1 received response {error_code=0} for a request sent to broker 4ad93fcf7b2f:9093 (id: 1 rack: null) (state.change.logger)
[2017-04-12 22:37:37,762] TRACE Broker 0 stopped fetchers as part of become-leader request from controller 0 epoch 1 with correlation id 3 for partition topic1-0 (state.change.logger)
[2017-04-12 22:37:37,763] TRACE Broker 0 completed LeaderAndIsr request correlationId 3 from controller 0 epoch 1 for the become-leader transition for partition topic1-0 (state.change.logger)
[2017-04-12 22:37:37,776] TRACE Controller 0 epoch 1 received response {error_code=0,partitions=[{topic=topic1,partition=0,error_code=0}]} for a request sent to broker 2ae3fad2f9f8:9092 (id: 0 rack: null) (state.change.logger)
[2017-04-12 22:37:37,782] TRACE Broker 0 cached leader info (LeaderAndIsrInfo:(Leader:0,ISR:0,LeaderEpoch:0,ControllerEpoch:1),ReplicationFactor:1),AllReplicas:0) for partition topic1-0 in response to UpdateMetadata request sent by controller 0 epoch 1 with correlation id 4 (state.change.logger)
[2017-04-12 22:37:37,783] TRACE Controller 0 epoch 1 received response {error_code=0} for a request sent to broker 2ae3fad2f9f8:9092 (id: 0 rack: null) (state.change.logger)
